{"meta": {"format": 3, "version": "7.11.0", "timestamp": "2025-10-24T14:38:35.515147", "branch_coverage": true, "show_contexts": false}, "files": {"src/hotpass/__init__.py": {"executed_lines": [1, 3, 4, 5, 6, 7, 8, 9, 10, 11, 13], "summary": {"covered_lines": 10, "num_statements": 10, "percent_covered": 100.0, "percent_covered_display": "100", "missing_lines": 0, "excluded_lines": 0, "num_branches": 0, "num_partial_branches": 0, "covered_branches": 0, "missing_branches": 0}, "missing_lines": [], "excluded_lines": [], "executed_branches": [], "missing_branches": [], "functions": {"": {"executed_lines": [1, 3, 4, 5, 6, 7, 8, 9, 10, 11, 13], "summary": {"covered_lines": 10, "num_statements": 10, "percent_covered": 100.0, "percent_covered_display": "100", "missing_lines": 0, "excluded_lines": 0, "num_branches": 0, "num_partial_branches": 0, "covered_branches": 0, "missing_branches": 0}, "missing_lines": [], "excluded_lines": [], "executed_branches": [], "missing_branches": []}}, "classes": {"": {"executed_lines": [1, 3, 4, 5, 6, 7, 8, 9, 10, 11, 13], "summary": {"covered_lines": 10, "num_statements": 10, "percent_covered": 100.0, "percent_covered_display": "100", "missing_lines": 0, "excluded_lines": 0, "num_branches": 0, "num_partial_branches": 0, "covered_branches": 0, "missing_branches": 0}, "missing_lines": [], "excluded_lines": [], "executed_branches": [], "missing_branches": []}}}, "src/hotpass/artifacts.py": {"executed_lines": [1, 3, 5, 6, 7, 8, 11, 33, 37, 39, 40, 42, 43, 44, 46, 47, 49, 50, 51, 53, 56], "summary": {"covered_lines": 19, "num_statements": 19, "percent_covered": 100.0, "percent_covered_display": "100", "missing_lines": 0, "excluded_lines": 3, "num_branches": 2, "num_partial_branches": 0, "covered_branches": 2, "missing_branches": 0}, "missing_lines": [], "excluded_lines": [33, 34, 35], "executed_branches": [[42, 43], [42, 44]], "missing_branches": [], "functions": {"create_refined_archive": {"executed_lines": [33, 37, 39, 40, 42, 43, 44, 46, 47, 49, 50, 51, 53], "summary": {"covered_lines": 12, "num_statements": 12, "percent_covered": 100.0, "percent_covered_display": "100", "missing_lines": 0, "excluded_lines": 3, "num_branches": 2, "num_partial_branches": 0, "covered_branches": 2, "missing_branches": 0}, "missing_lines": [], "excluded_lines": [33, 34, 35], "executed_branches": [[42, 43], [42, 44]], "missing_branches": []}, "": {"executed_lines": [1, 3, 5, 6, 7, 8, 11, 56], "summary": {"covered_lines": 7, "num_statements": 7, "percent_covered": 100.0, "percent_covered_display": "100", "missing_lines": 0, "excluded_lines": 0, "num_branches": 0, "num_partial_branches": 0, "covered_branches": 0, "missing_branches": 0}, "missing_lines": [], "excluded_lines": [], "executed_branches": [], "missing_branches": []}}, "classes": {"": {"executed_lines": [1, 3, 5, 6, 7, 8, 11, 33, 37, 39, 40, 42, 43, 44, 46, 47, 49, 50, 51, 53, 56], "summary": {"covered_lines": 19, "num_statements": 19, "percent_covered": 100.0, "percent_covered_display": "100", "missing_lines": 0, "excluded_lines": 3, "num_branches": 2, "num_partial_branches": 0, "covered_branches": 2, "missing_branches": 0}, "missing_lines": [], "excluded_lines": [33, 34, 35], "executed_branches": [[42, 43], [42, 44]], "missing_branches": []}}}, "src/hotpass/benchmarks.py": {"executed_lines": [1, 3, 5, 6, 7, 9, 10, 13, 14, 15, 17, 18, 19, 21, 29, 30, 32, 35, 46, 52, 63, 67, 68, 69, 71, 72, 79, 80, 81, 83, 84, 85, 86, 87, 88, 89, 90, 92, 93, 94, 98], "summary": {"covered_lines": 39, "num_statements": 44, "percent_covered": 83.87096774193549, "percent_covered_display": "84", "missing_lines": 5, "excluded_lines": 0, "num_branches": 18, "num_partial_branches": 5, "covered_branches": 13, "missing_branches": 5}, "missing_lines": [22, 31, 49, 64, 65], "excluded_lines": [], "executed_branches": [[30, 32], [63, 67], [71, 72], [71, 92], [83, 71], [83, 84], [84, 85], [84, 89], [85, 86], [85, 88], [86, 87], [89, 90], [93, 94]], "missing_branches": [[30, 31], [63, 64], [86, 85], [89, 83], [93, 98]], "functions": {"BenchmarkResult.to_dict": {"executed_lines": [], "summary": {"covered_lines": 0, "num_statements": 1, "percent_covered": 0.0, "percent_covered_display": "0", "missing_lines": 1, "excluded_lines": 0, "num_branches": 0, "num_partial_branches": 0, "covered_branches": 0, "missing_branches": 0}, "missing_lines": [22], "excluded_lines": [], "executed_branches": [], "missing_branches": []}, "_average": {"executed_lines": [30, 32], "summary": {"covered_lines": 2, "num_statements": 3, "percent_covered": 60.0, "percent_covered_display": "60", "missing_lines": 1, "excluded_lines": 0, "num_branches": 2, "num_partial_branches": 1, "covered_branches": 1, "missing_branches": 1}, "missing_lines": [31], "excluded_lines": [], "executed_branches": [[30, 32]], "missing_branches": [[30, 31]]}, "benchmark_fields": {"executed_lines": [], "summary": {"covered_lines": 0, "num_statements": 1, "percent_covered": 0.0, "percent_covered_display": "0", "missing_lines": 1, "excluded_lines": 0, "num_branches": 0, "num_partial_branches": 0, "covered_branches": 0, "missing_branches": 0}, "missing_lines": [49], "excluded_lines": [], "executed_branches": [], "missing_branches": []}, "run_benchmark": {"executed_lines": [63, 67, 68, 69, 71, 72, 79, 80, 81, 83, 84, 85, 86, 87, 88, 89, 90, 92, 93, 94, 98], "summary": {"covered_lines": 21, "num_statements": 23, "percent_covered": 84.61538461538461, "percent_covered_display": "85", "missing_lines": 2, "excluded_lines": 0, "num_branches": 16, "num_partial_branches": 4, "covered_branches": 12, "missing_branches": 4}, "missing_lines": [64, 65], "excluded_lines": [], "executed_branches": [[63, 67], [71, 72], [71, 92], [83, 71], [83, 84], [84, 85], [84, 89], [85, 86], [85, 88], [86, 87], [89, 90], [93, 94]], "missing_branches": [[63, 64], [86, 85], [89, 83], [93, 98]]}, "": {"executed_lines": [1, 3, 5, 6, 7, 9, 10, 13, 14, 15, 17, 18, 19, 21, 29, 35, 46, 52], "summary": {"covered_lines": 16, "num_statements": 16, "percent_covered": 100.0, "percent_covered_display": "100", "missing_lines": 0, "excluded_lines": 0, "num_branches": 0, "num_partial_branches": 0, "covered_branches": 0, "missing_branches": 0}, "missing_lines": [], "excluded_lines": [], "executed_branches": [], "missing_branches": []}}, "classes": {"BenchmarkResult": {"executed_lines": [], "summary": {"covered_lines": 0, "num_statements": 1, "percent_covered": 0.0, "percent_covered_display": "0", "missing_lines": 1, "excluded_lines": 0, "num_branches": 0, "num_partial_branches": 0, "covered_branches": 0, "missing_branches": 0}, "missing_lines": [22], "excluded_lines": [], "executed_branches": [], "missing_branches": []}, "": {"executed_lines": [1, 3, 5, 6, 7, 9, 10, 13, 14, 15, 17, 18, 19, 21, 29, 30, 32, 35, 46, 52, 63, 67, 68, 69, 71, 72, 79, 80, 81, 83, 84, 85, 86, 87, 88, 89, 90, 92, 93, 94, 98], "summary": {"covered_lines": 39, "num_statements": 43, "percent_covered": 85.24590163934427, "percent_covered_display": "85", "missing_lines": 4, "excluded_lines": 0, "num_branches": 18, "num_partial_branches": 5, "covered_branches": 13, "missing_branches": 5}, "missing_lines": [31, 49, 64, 65], "excluded_lines": [], "executed_branches": [[30, 32], [63, 67], [71, 72], [71, 92], [83, 71], [83, 84], [84, 85], [84, 89], [85, 86], [85, 88], [86, 87], [89, 90], [93, 94]], "missing_branches": [[30, 31], [63, 64], [86, 85], [89, 83], [93, 98]]}}}, "src/hotpass/cli.py": {"executed_lines": [1, 3, 5, 6, 7, 8, 9, 10, 11, 12, 14, 15, 17, 18, 19, 22, 23, 24, 25, 26, 27, 28, 29, 30, 31, 32, 33, 34, 35, 36, 39, 50, 51, 52, 57, 65, 70, 76, 84, 89, 94, 99, 104, 109, 114, 119, 120, 126, 132, 135, 136, 137, 138, 141, 142, 157, 158, 159, 160, 161, 162, 163, 165, 167, 181, 182, 183, 185, 186, 187, 189, 190, 191, 192, 194, 195, 196, 197, 201, 202, 203, 204, 205, 206, 210, 211, 212, 213, 215, 217, 234, 235, 236, 237, 238, 239, 244, 245, 246, 247, 248, 249, 253, 254, 255, 256, 258, 259, 262, 264, 265, 269, 271, 272, 273, 274, 276, 277, 282, 283, 284, 285, 286, 287, 288, 289, 290, 291, 292, 293, 295, 296, 297, 298, 299, 300, 301, 303, 307, 312, 313, 314, 315, 316, 317, 318, 320, 321, 323, 324, 325, 326, 327, 328, 329, 330, 334, 335, 336, 337, 339, 340, 342, 343, 344, 345, 346, 348, 349, 350, 352, 353, 357, 358, 361, 362, 363, 364, 365, 367, 368, 371, 372, 373, 377, 378, 379, 384, 385, 388, 393, 398, 399, 405, 406, 407, 408, 409, 410, 412, 413, 421, 428, 436, 437, 445, 446, 449, 450, 451, 452, 454, 455, 456, 457, 459, 460, 462, 463, 464, 465, 467, 470], "summary": {"covered_lines": 220, "num_statements": 246, "percent_covered": 86.36363636363636, "percent_covered_display": "86", "missing_lines": 26, "excluded_lines": 14, "num_branches": 84, "num_partial_branches": 15, "covered_branches": 65, "missing_branches": 19}, "missing_lines": [198, 199, 207, 208, 240, 241, 250, 304, 305, 306, 308, 309, 310, 319, 332, 354, 355, 374, 389, 390, 391, 394, 395, 400, 401, 402], "excluded_lines": [259, 260, 261, 380, 381, 382, 438, 439, 440, 441, 442, 443, 470, 471], "executed_branches": [[158, 159], [158, 165], [159, 160], [159, 162], [167, 181], [167, 185], [182, 167], [182, 183], [186, 187], [186, 189], [195, 196], [195, 201], [197, 201], [202, 203], [202, 204], [204, 205], [204, 206], [206, 210], [211, 212], [211, 215], [236, 237], [236, 238], [238, 239], [246, 247], [246, 248], [248, 249], [272, 273], [272, 276], [295, 296], [299, 300], [299, 301], [303, 307], [307, 312], [312, 313], [316, 317], [316, 321], [318, 320], [324, 325], [328, 329], [328, 330], [335, 336], [335, 339], [344, 345], [344, 348], [353, 357], [363, 364], [363, 368], [364, 365], [364, 367], [372, 373], [388, 393], [393, 398], [399, 405], [405, 406], [405, 412], [413, 421], [413, 428], [449, 450], [449, 454], [454, 455], [454, 462], [456, 457], [456, 459], [462, 463], [462, 467]], "missing_branches": [[197, 198], [206, 207], [238, 240], [248, 250], [295, 303], [303, 304], [305, 306], [305, 307], [307, 308], [309, 310], [309, 312], [312, 332], [318, 319], [324, -271], [353, 354], [372, 374], [388, 389], [393, 394], [399, 400]], "functions": {"build_parser": {"executed_lines": [51, 52, 57, 65, 70, 76, 84, 89, 94, 99, 104, 109, 114, 119, 120, 126, 132], "summary": {"covered_lines": 17, "num_statements": 17, "percent_covered": 100.0, "percent_covered_display": "100", "missing_lines": 0, "excluded_lines": 0, "num_branches": 0, "num_partial_branches": 0, "covered_branches": 0, "missing_branches": 0}, "missing_lines": [], "excluded_lines": [], "executed_branches": [], "missing_branches": []}, "parse_args": {"executed_lines": [136, 137, 138], "summary": {"covered_lines": 3, "num_statements": 3, "percent_covered": 100.0, "percent_covered_display": "100", "missing_lines": 0, "excluded_lines": 0, "num_branches": 0, "num_partial_branches": 0, "covered_branches": 0, "missing_branches": 0}, "missing_lines": [], "excluded_lines": [], "executed_branches": [], "missing_branches": []}, "_resolve_options": {"executed_lines": [142, 157, 158, 159, 160, 161, 162, 163, 165, 167, 181, 182, 183, 185, 186, 187, 189, 190, 191, 192, 194, 195, 196, 197, 201, 202, 203, 204, 205, 206, 210, 211, 212, 213, 215, 217], "summary": {"covered_lines": 36, "num_statements": 40, "percent_covered": 90.3225806451613, "percent_covered_display": "90", "missing_lines": 4, "excluded_lines": 0, "num_branches": 22, "num_partial_branches": 2, "covered_branches": 20, "missing_branches": 2}, "missing_lines": [198, 199, 207, 208], "excluded_lines": [], "executed_branches": [[158, 159], [158, 165], [159, 160], [159, 162], [167, 181], [167, 185], [182, 167], [182, 183], [186, 187], [186, 189], [195, 196], [195, 201], [197, 201], [202, 203], [202, 204], [204, 205], [204, 206], [206, 210], [211, 212], [211, 215]], "missing_branches": [[197, 198], [206, 207]]}, "_load_config": {"executed_lines": [235, 236, 237, 238, 239], "summary": {"covered_lines": 5, "num_statements": 7, "percent_covered": 72.72727272727273, "percent_covered_display": "73", "missing_lines": 2, "excluded_lines": 0, "num_branches": 4, "num_partial_branches": 1, "covered_branches": 3, "missing_branches": 1}, "missing_lines": [240, 241], "excluded_lines": [], "executed_branches": [[236, 237], [236, 238], [238, 239]], "missing_branches": [[238, 240]]}, "_infer_report_format": {"executed_lines": [245, 246, 247, 248, 249], "summary": {"covered_lines": 5, "num_statements": 6, "percent_covered": 80.0, "percent_covered_display": "80", "missing_lines": 1, "excluded_lines": 0, "num_branches": 4, "num_partial_branches": 1, "covered_branches": 3, "missing_branches": 1}, "missing_lines": [250], "excluded_lines": [], "executed_branches": [[246, 247], [246, 248], [248, 249]], "missing_branches": [[248, 250]]}, "StructuredLogger.__init__": {"executed_lines": [255, 256], "summary": {"covered_lines": 2, "num_statements": 2, "percent_covered": 100.0, "percent_covered_display": "100", "missing_lines": 0, "excluded_lines": 0, "num_branches": 0, "num_partial_branches": 0, "covered_branches": 0, "missing_branches": 0}, "missing_lines": [], "excluded_lines": [], "executed_branches": [], "missing_branches": []}, "StructuredLogger._get_console": {"executed_lines": [259, 262], "summary": {"covered_lines": 1, "num_statements": 1, "percent_covered": 100.0, "percent_covered_display": "100", "missing_lines": 0, "excluded_lines": 3, "num_branches": 0, "num_partial_branches": 0, "covered_branches": 0, "missing_branches": 0}, "missing_lines": [], "excluded_lines": [259, 260, 261], "executed_branches": [], "missing_branches": []}, "StructuredLogger._emit_json": {"executed_lines": [265, 269], "summary": {"covered_lines": 2, "num_statements": 2, "percent_covered": 100.0, "percent_covered_display": "100", "missing_lines": 0, "excluded_lines": 0, "num_branches": 0, "num_partial_branches": 0, "covered_branches": 0, "missing_branches": 0}, "missing_lines": [], "excluded_lines": [], "executed_branches": [], "missing_branches": []}, "StructuredLogger.log_summary": {"executed_lines": [272, 273, 274, 276, 277, 282, 283, 284, 285, 286, 287, 288, 289, 290, 291, 292, 293, 295, 296, 297, 298, 299, 300, 301, 303, 307, 312, 313, 314, 315, 316, 317, 318, 320, 321, 323, 324, 325, 326, 327, 328, 329, 330], "summary": {"covered_lines": 43, "num_statements": 51, "percent_covered": 76.0, "percent_covered_display": "76", "missing_lines": 8, "excluded_lines": 0, "num_branches": 24, "num_partial_branches": 6, "covered_branches": 14, "missing_branches": 10}, "missing_lines": [304, 305, 306, 308, 309, 310, 319, 332], "excluded_lines": [], "executed_branches": [[272, 273], [272, 276], [295, 296], [299, 300], [299, 301], [303, 307], [307, 312], [312, 313], [316, 317], [316, 321], [318, 320], [324, 325], [328, 329], [328, 330]], "missing_branches": [[295, 303], [303, 304], [305, 306], [305, 307], [307, 308], [309, 310], [309, 312], [312, 332], [318, 319], [324, -271]]}, "StructuredLogger.log_archive": {"executed_lines": [335, 336, 337, 339, 340], "summary": {"covered_lines": 5, "num_statements": 5, "percent_covered": 100.0, "percent_covered_display": "100", "missing_lines": 0, "excluded_lines": 0, "num_branches": 2, "num_partial_branches": 0, "covered_branches": 2, "missing_branches": 0}, "missing_lines": [], "excluded_lines": [], "executed_branches": [[335, 336], [335, 339]], "missing_branches": []}, "StructuredLogger.log_report_write": {"executed_lines": [343, 344, 345, 346, 348, 349, 350], "summary": {"covered_lines": 7, "num_statements": 7, "percent_covered": 100.0, "percent_covered_display": "100", "missing_lines": 0, "excluded_lines": 0, "num_branches": 2, "num_partial_branches": 0, "covered_branches": 2, "missing_branches": 0}, "missing_lines": [], "excluded_lines": [], "executed_branches": [[344, 345], [344, 348]], "missing_branches": []}, "StructuredLogger.log_error": {"executed_lines": [353, 357, 358], "summary": {"covered_lines": 3, "num_statements": 5, "percent_covered": 57.142857142857146, "percent_covered_display": "57", "missing_lines": 2, "excluded_lines": 0, "num_branches": 2, "num_partial_branches": 1, "covered_branches": 1, "missing_branches": 1}, "missing_lines": [354, 355], "excluded_lines": [], "executed_branches": [[353, 357]], "missing_branches": [[353, 354]]}, "_convert_paths": {"executed_lines": [362, 363, 364, 365, 367, 368], "summary": {"covered_lines": 6, "num_statements": 6, "percent_covered": 100.0, "percent_covered_display": "100", "missing_lines": 0, "excluded_lines": 0, "num_branches": 4, "num_partial_branches": 0, "covered_branches": 4, "missing_branches": 0}, "missing_lines": [], "excluded_lines": [], "executed_branches": [[363, 364], [363, 368], [364, 365], [364, 367]], "missing_branches": []}, "_format_metric_value": {"executed_lines": [372, 373], "summary": {"covered_lines": 2, "num_statements": 3, "percent_covered": 60.0, "percent_covered_display": "60", "missing_lines": 1, "excluded_lines": 0, "num_branches": 2, "num_partial_branches": 1, "covered_branches": 1, "missing_branches": 1}, "missing_lines": [374], "excluded_lines": [], "executed_branches": [[372, 373]], "missing_branches": [[372, 374]]}, "main": {"executed_lines": [378, 379, 384, 385, 388, 393, 398, 399, 405, 406, 407, 408, 409, 410, 412, 413, 421, 428, 436, 437, 445, 446, 449, 450, 451, 452, 454, 455, 456, 457, 459, 460, 462, 463, 464, 465, 467], "summary": {"covered_lines": 37, "num_statements": 45, "percent_covered": 82.53968253968254, "percent_covered_display": "83", "missing_lines": 8, "excluded_lines": 9, "num_branches": 18, "num_partial_branches": 3, "covered_branches": 15, "missing_branches": 3}, "missing_lines": [389, 390, 391, 394, 395, 400, 401, 402], "excluded_lines": [380, 381, 382, 438, 439, 440, 441, 442, 443], "executed_branches": [[388, 393], [393, 398], [399, 405], [405, 406], [405, 412], [413, 421], [413, 428], [449, 450], [449, 454], [454, 455], [454, 462], [456, 457], [456, 459], [462, 463], [462, 467]], "missing_branches": [[388, 389], [393, 394], [399, 400]]}, "": {"executed_lines": [1, 3, 5, 6, 7, 8, 9, 10, 11, 12, 14, 15, 17, 18, 19, 22, 23, 24, 25, 26, 27, 28, 29, 30, 31, 32, 33, 34, 35, 36, 39, 50, 135, 141, 234, 244, 253, 254, 258, 264, 271, 334, 342, 352, 361, 371, 377, 470], "summary": {"covered_lines": 46, "num_statements": 46, "percent_covered": 100.0, "percent_covered_display": "100", "missing_lines": 0, "excluded_lines": 2, "num_branches": 0, "num_partial_branches": 0, "covered_branches": 0, "missing_branches": 0}, "missing_lines": [], "excluded_lines": [470, 471], "executed_branches": [], "missing_branches": []}}, "classes": {"CLIOptions": {"executed_lines": [], "summary": {"covered_lines": 0, "num_statements": 0, "percent_covered": 100.0, "percent_covered_display": "100", "missing_lines": 0, "excluded_lines": 0, "num_branches": 0, "num_partial_branches": 0, "covered_branches": 0, "missing_branches": 0}, "missing_lines": [], "excluded_lines": [], "executed_branches": [], "missing_branches": []}, "StructuredLogger": {"executed_lines": [255, 256, 259, 262, 265, 269, 272, 273, 274, 276, 277, 282, 283, 284, 285, 286, 287, 288, 289, 290, 291, 292, 293, 295, 296, 297, 298, 299, 300, 301, 303, 307, 312, 313, 314, 315, 316, 317, 318, 320, 321, 323, 324, 325, 326, 327, 328, 329, 330, 335, 336, 337, 339, 340, 343, 344, 345, 346, 348, 349, 350, 353, 357, 358], "summary": {"covered_lines": 63, "num_statements": 73, "percent_covered": 79.6116504854369, "percent_covered_display": "80", "missing_lines": 10, "excluded_lines": 3, "num_branches": 30, "num_partial_branches": 7, "covered_branches": 19, "missing_branches": 11}, "missing_lines": [304, 305, 306, 308, 309, 310, 319, 332, 354, 355], "excluded_lines": [259, 260, 261], "executed_branches": [[272, 273], [272, 276], [295, 296], [299, 300], [299, 301], [303, 307], [307, 312], [312, 313], [316, 317], [316, 321], [318, 320], [324, 325], [328, 329], [328, 330], [335, 336], [335, 339], [344, 345], [344, 348], [353, 357]], "missing_branches": [[295, 303], [303, 304], [305, 306], [305, 307], [307, 308], [309, 310], [309, 312], [312, 332], [318, 319], [324, -271], [353, 354]]}, "": {"executed_lines": [1, 3, 5, 6, 7, 8, 9, 10, 11, 12, 14, 15, 17, 18, 19, 22, 23, 24, 25, 26, 27, 28, 29, 30, 31, 32, 33, 34, 35, 36, 39, 50, 51, 52, 57, 65, 70, 76, 84, 89, 94, 99, 104, 109, 114, 119, 120, 126, 132, 135, 136, 137, 138, 141, 142, 157, 158, 159, 160, 161, 162, 163, 165, 167, 181, 182, 183, 185, 186, 187, 189, 190, 191, 192, 194, 195, 196, 197, 201, 202, 203, 204, 205, 206, 210, 211, 212, 213, 215, 217, 234, 235, 236, 237, 238, 239, 244, 245, 246, 247, 248, 249, 253, 254, 258, 264, 271, 334, 342, 352, 361, 362, 363, 364, 365, 367, 368, 371, 372, 373, 377, 378, 379, 384, 385, 388, 393, 398, 399, 405, 406, 407, 408, 409, 410, 412, 413, 421, 428, 436, 437, 445, 446, 449, 450, 451, 452, 454, 455, 456, 457, 459, 460, 462, 463, 464, 465, 467, 470], "summary": {"covered_lines": 157, "num_statements": 173, "percent_covered": 89.42731277533039, "percent_covered_display": "89", "missing_lines": 16, "excluded_lines": 11, "num_branches": 54, "num_partial_branches": 8, "covered_branches": 46, "missing_branches": 8}, "missing_lines": [198, 199, 207, 208, 240, 241, 250, 374, 389, 390, 391, 394, 395, 400, 401, 402], "excluded_lines": [380, 381, 382, 438, 439, 440, 441, 442, 443, 470, 471], "executed_branches": [[158, 159], [158, 165], [159, 160], [159, 162], [167, 181], [167, 185], [182, 167], [182, 183], [186, 187], [186, 189], [195, 196], [195, 201], [197, 201], [202, 203], [202, 204], [204, 205], [204, 206], [206, 210], [211, 212], [211, 215], [236, 237], [236, 238], [238, 239], [246, 247], [246, 248], [248, 249], [363, 364], [363, 368], [364, 365], [364, 367], [372, 373], [388, 393], [393, 398], [399, 405], [405, 406], [405, 412], [413, 421], [413, 428], [449, 450], [449, 454], [454, 455], [454, 462], [456, 457], [456, 459], [462, 463], [462, 467]], "missing_branches": [[197, 198], [206, 207], [238, 240], [248, 250], [372, 374], [388, 389], [393, 394], [399, 400]]}}}, "src/hotpass/column_mapping.py": {"executed_lines": [1, 3, 5, 6, 7, 9, 12, 13, 15, 22, 23, 25, 27, 28, 31, 34, 35, 36, 39, 40, 42, 44, 46, 50, 53, 54, 57, 58, 59, 62, 63, 65, 66, 69, 70, 71, 73, 75, 91, 92, 93, 95, 96, 97, 100, 101, 103, 104, 105, 108, 109, 110, 116, 118, 124, 136, 138, 141, 148, 150, 151, 152, 154, 156, 161, 163, 168, 169, 170, 171, 174, 177, 178, 179, 182, 183, 184, 185, 188, 189, 190, 191, 192, 212, 215, 227, 235, 236, 245, 246, 248, 251, 252, 255, 257], "summary": {"covered_lines": 93, "num_statements": 113, "percent_covered": 80.89171974522293, "percent_covered_display": "81", "missing_lines": 20, "excluded_lines": 0, "num_branches": 44, "num_partial_branches": 4, "covered_branches": 34, "missing_branches": 10}, "missing_lines": [112, 113, 114, 157, 158, 164, 165, 193, 194, 197, 198, 199, 200, 201, 202, 203, 206, 207, 208, 210], "excluded_lines": [], "executed_branches": [[27, 28], [27, 31], [53, 54], [53, 57], [57, 58], [57, 62], [58, 57], [58, 59], [65, 66], [65, 73], [69, 65], [69, 70], [95, 96], [95, 118], [100, 101], [100, 108], [103, 100], [103, 104], [108, 109], [108, 110], [110, 116], [154, 156], [154, 212], [156, 161], [163, 168], [169, 170], [169, 174], [177, 178], [177, 182], [183, 184], [183, 188], [190, 191], [235, 236], [235, 251]], "missing_branches": [[110, 112], [112, 113], [112, 114], [156, 157], [163, 164], [190, 197], [199, 200], [199, 206], [207, 208], [207, 210]], "functions": {"ColumnMapper.__init__": {"executed_lines": [22, 23], "summary": {"covered_lines": 2, "num_statements": 2, "percent_covered": 100.0, "percent_covered_display": "100", "missing_lines": 0, "excluded_lines": 0, "num_branches": 0, "num_partial_branches": 0, "covered_branches": 0, "missing_branches": 0}, "missing_lines": [], "excluded_lines": [], "executed_branches": [], "missing_branches": []}, "ColumnMapper._normalize_column_name": {"executed_lines": [27, 28, 31, 34, 35, 36, 39, 40], "summary": {"covered_lines": 8, "num_statements": 8, "percent_covered": 100.0, "percent_covered_display": "100", "missing_lines": 0, "excluded_lines": 0, "num_branches": 2, "num_partial_branches": 0, "covered_branches": 2, "missing_branches": 0}, "missing_lines": [], "excluded_lines": [], "executed_branches": [[27, 28], [27, 31]], "missing_branches": []}, "ColumnMapper._calculate_similarity": {"executed_lines": [44], "summary": {"covered_lines": 1, "num_statements": 1, "percent_covered": 100.0, "percent_covered_display": "100", "missing_lines": 0, "excluded_lines": 0, "num_branches": 0, "num_partial_branches": 0, "covered_branches": 0, "missing_branches": 0}, "missing_lines": [], "excluded_lines": [], "executed_branches": [], "missing_branches": []}, "ColumnMapper._find_best_match": {"executed_lines": [50, 53, 54, 57, 58, 59, 62, 63, 65, 66, 69, 70, 71, 73], "summary": {"covered_lines": 14, "num_statements": 14, "percent_covered": 100.0, "percent_covered_display": "100", "missing_lines": 0, "excluded_lines": 0, "num_branches": 10, "num_partial_branches": 0, "covered_branches": 10, "missing_branches": 0}, "missing_lines": [], "excluded_lines": [], "executed_branches": [[53, 54], [53, 57], [57, 58], [57, 62], [58, 57], [58, 59], [65, 66], [65, 73], [69, 65], [69, 70]], "missing_branches": []}, "ColumnMapper.map_columns": {"executed_lines": [91, 92, 93, 95, 96, 97, 100, 101, 103, 104, 105, 108, 109, 110, 116, 118], "summary": {"covered_lines": 16, "num_statements": 19, "percent_covered": 80.64516129032258, "percent_covered_display": "81", "missing_lines": 3, "excluded_lines": 0, "num_branches": 12, "num_partial_branches": 1, "covered_branches": 9, "missing_branches": 3}, "missing_lines": [112, 113, 114], "excluded_lines": [], "executed_branches": [[95, 96], [95, 118], [100, 101], [100, 108], [103, 100], [103, 104], [108, 109], [108, 110], [110, 116]], "missing_branches": [[110, 112], [112, 113], [112, 114]]}, "ColumnMapper.apply_mapping": {"executed_lines": [136, 138], "summary": {"covered_lines": 2, "num_statements": 2, "percent_covered": 100.0, "percent_covered_display": "100", "missing_lines": 0, "excluded_lines": 0, "num_branches": 0, "num_partial_branches": 0, "covered_branches": 0, "missing_branches": 0}, "missing_lines": [], "excluded_lines": [], "executed_branches": [], "missing_branches": []}, "infer_column_types": {"executed_lines": [148, 150, 151, 152, 154, 156, 161, 163, 168, 169, 170, 171, 174, 177, 178, 179, 182, 183, 184, 185, 188, 189, 190, 191, 192, 212], "summary": {"covered_lines": 26, "num_statements": 43, "percent_covered": 60.65573770491803, "percent_covered_display": "61", "missing_lines": 17, "excluded_lines": 0, "num_branches": 18, "num_partial_branches": 3, "covered_branches": 11, "missing_branches": 7}, "missing_lines": [157, 158, 164, 165, 193, 194, 197, 198, 199, 200, 201, 202, 203, 206, 207, 208, 210], "excluded_lines": [], "executed_branches": [[154, 156], [154, 212], [156, 161], [163, 168], [169, 170], [169, 174], [177, 178], [177, 182], [183, 184], [183, 188], [190, 191]], "missing_branches": [[156, 157], [163, 164], [190, 197], [199, 200], [199, 206], [207, 208], [207, 210]]}, "profile_dataframe": {"executed_lines": [227, 235, 236, 245, 246, 248, 251, 252, 255, 257], "summary": {"covered_lines": 10, "num_statements": 10, "percent_covered": 100.0, "percent_covered_display": "100", "missing_lines": 0, "excluded_lines": 0, "num_branches": 2, "num_partial_branches": 0, "covered_branches": 2, "missing_branches": 0}, "missing_lines": [], "excluded_lines": [], "executed_branches": [[235, 236], [235, 251]], "missing_branches": []}, "": {"executed_lines": [1, 3, 5, 6, 7, 9, 12, 13, 15, 25, 42, 46, 75, 124, 141, 215], "summary": {"covered_lines": 14, "num_statements": 14, "percent_covered": 100.0, "percent_covered_display": "100", "missing_lines": 0, "excluded_lines": 0, "num_branches": 0, "num_partial_branches": 0, "covered_branches": 0, "missing_branches": 0}, "missing_lines": [], "excluded_lines": [], "executed_branches": [], "missing_branches": []}}, "classes": {"ColumnMapper": {"executed_lines": [22, 23, 27, 28, 31, 34, 35, 36, 39, 40, 44, 50, 53, 54, 57, 58, 59, 62, 63, 65, 66, 69, 70, 71, 73, 91, 92, 93, 95, 96, 97, 100, 101, 103, 104, 105, 108, 109, 110, 116, 118, 136, 138], "summary": {"covered_lines": 43, "num_statements": 46, "percent_covered": 91.42857142857143, "percent_covered_display": "91", "missing_lines": 3, "excluded_lines": 0, "num_branches": 24, "num_partial_branches": 1, "covered_branches": 21, "missing_branches": 3}, "missing_lines": [112, 113, 114], "excluded_lines": [], "executed_branches": [[27, 28], [27, 31], [53, 54], [53, 57], [57, 58], [57, 62], [58, 57], [58, 59], [65, 66], [65, 73], [69, 65], [69, 70], [95, 96], [95, 118], [100, 101], [100, 108], [103, 100], [103, 104], [108, 109], [108, 110], [110, 116]], "missing_branches": [[110, 112], [112, 113], [112, 114]]}, "": {"executed_lines": [1, 3, 5, 6, 7, 9, 12, 13, 15, 25, 42, 46, 75, 124, 141, 148, 150, 151, 152, 154, 156, 161, 163, 168, 169, 170, 171, 174, 177, 178, 179, 182, 183, 184, 185, 188, 189, 190, 191, 192, 212, 215, 227, 235, 236, 245, 246, 248, 251, 252, 255, 257], "summary": {"covered_lines": 50, "num_statements": 67, "percent_covered": 72.41379310344827, "percent_covered_display": "72", "missing_lines": 17, "excluded_lines": 0, "num_branches": 20, "num_partial_branches": 3, "covered_branches": 13, "missing_branches": 7}, "missing_lines": [157, 158, 164, 165, 193, 194, 197, 198, 199, 200, 201, 202, 203, 206, 207, 208, 210], "excluded_lines": [], "executed_branches": [[154, 156], [154, 212], [156, 161], [163, 168], [169, 170], [169, 174], [177, 178], [177, 182], [183, 184], [183, 188], [190, 191], [235, 236], [235, 251]], "missing_branches": [[156, 157], [163, 164], [190, 197], [199, 200], [199, 206], [207, 208], [207, 210]]}}}, "src/hotpass/config.py": {"executed_lines": [1, 3, 5, 6, 7, 8, 10, 13, 14, 15, 17, 18, 19, 22, 23, 24, 27, 28, 29, 32, 35, 38, 39, 42, 44, 45, 47, 64, 66, 84, 86, 87, 89, 92, 93, 94, 95, 108, 110, 111, 172, 226], "summary": {"covered_lines": 40, "num_statements": 50, "percent_covered": 75.86206896551724, "percent_covered_display": "76", "missing_lines": 10, "excluded_lines": 0, "num_branches": 8, "num_partial_branches": 2, "covered_branches": 4, "missing_branches": 4}, "missing_lines": [98, 99, 100, 101, 102, 105, 228, 229, 231, 232], "excluded_lines": [], "executed_branches": [[86, 87], [92, 93], [110, 111], [110, 172]], "missing_branches": [[86, 89], [92, 98], [99, 100], [99, 105]], "functions": {"IndustryProfile.from_dict": {"executed_lines": [47], "summary": {"covered_lines": 1, "num_statements": 1, "percent_covered": 100.0, "percent_covered_display": "100", "missing_lines": 0, "excluded_lines": 0, "num_branches": 0, "num_partial_branches": 0, "covered_branches": 0, "missing_branches": 0}, "missing_lines": [], "excluded_lines": [], "executed_branches": [], "missing_branches": []}, "IndustryProfile.to_dict": {"executed_lines": [66], "summary": {"covered_lines": 1, "num_statements": 1, "percent_covered": 100.0, "percent_covered_display": "100", "missing_lines": 0, "excluded_lines": 0, "num_branches": 0, "num_partial_branches": 0, "covered_branches": 0, "missing_branches": 0}, "missing_lines": [], "excluded_lines": [], "executed_branches": [], "missing_branches": []}, "load_industry_profile": {"executed_lines": [86, 87, 89, 92, 93, 94, 95], "summary": {"covered_lines": 7, "num_statements": 13, "percent_covered": 47.36842105263158, "percent_covered_display": "47", "missing_lines": 6, "excluded_lines": 0, "num_branches": 6, "num_partial_branches": 2, "covered_branches": 2, "missing_branches": 4}, "missing_lines": [98, 99, 100, 101, 102, 105], "excluded_lines": [], "executed_branches": [[86, 87], [92, 93]], "missing_branches": [[86, 89], [92, 98], [99, 100], [99, 105]]}, "get_default_profile": {"executed_lines": [110, 111, 172], "summary": {"covered_lines": 3, "num_statements": 3, "percent_covered": 100.0, "percent_covered_display": "100", "missing_lines": 0, "excluded_lines": 0, "num_branches": 2, "num_partial_branches": 0, "covered_branches": 2, "missing_branches": 0}, "missing_lines": [], "excluded_lines": [], "executed_branches": [[110, 111], [110, 172]], "missing_branches": []}, "save_industry_profile": {"executed_lines": [], "summary": {"covered_lines": 0, "num_statements": 4, "percent_covered": 0.0, "percent_covered_display": "0", "missing_lines": 4, "excluded_lines": 0, "num_branches": 0, "num_partial_branches": 0, "covered_branches": 0, "missing_branches": 0}, "missing_lines": [228, 229, 231, 232], "excluded_lines": [], "executed_branches": [], "missing_branches": []}, "": {"executed_lines": [1, 3, 5, 6, 7, 8, 10, 13, 14, 15, 17, 18, 19, 22, 23, 24, 27, 28, 29, 32, 35, 38, 39, 42, 44, 45, 64, 84, 108, 226], "summary": {"covered_lines": 28, "num_statements": 28, "percent_covered": 100.0, "percent_covered_display": "100", "missing_lines": 0, "excluded_lines": 0, "num_branches": 0, "num_partial_branches": 0, "covered_branches": 0, "missing_branches": 0}, "missing_lines": [], "excluded_lines": [], "executed_branches": [], "missing_branches": []}}, "classes": {"IndustryProfile": {"executed_lines": [47, 66], "summary": {"covered_lines": 2, "num_statements": 2, "percent_covered": 100.0, "percent_covered_display": "100", "missing_lines": 0, "excluded_lines": 0, "num_branches": 0, "num_partial_branches": 0, "covered_branches": 0, "missing_branches": 0}, "missing_lines": [], "excluded_lines": [], "executed_branches": [], "missing_branches": []}, "": {"executed_lines": [1, 3, 5, 6, 7, 8, 10, 13, 14, 15, 17, 18, 19, 22, 23, 24, 27, 28, 29, 32, 35, 38, 39, 42, 44, 45, 64, 84, 86, 87, 89, 92, 93, 94, 95, 108, 110, 111, 172, 226], "summary": {"covered_lines": 38, "num_statements": 48, "percent_covered": 75.0, "percent_covered_display": "75", "missing_lines": 10, "excluded_lines": 0, "num_branches": 8, "num_partial_branches": 2, "covered_branches": 4, "missing_branches": 4}, "missing_lines": [98, 99, 100, 101, 102, 105, 228, 229, 231, 232], "excluded_lines": [], "executed_branches": [[86, 87], [92, 93], [110, 111], [110, 172]], "missing_branches": [[86, 89], [92, 98], [99, 100], [99, 105]]}}}, "src/hotpass/config_doctor.py": {"executed_lines": [1, 3, 5, 6, 7, 8, 10, 12, 15, 16, 17, 19, 20, 21, 22, 23, 26, 27, 29, 30, 31, 32, 34, 36, 38, 39, 40, 41, 42, 44, 46, 55, 65, 67, 68, 76, 80, 81, 89, 91, 97, 98, 99, 106, 107, 115, 116, 124, 130, 132, 133, 142, 143, 144, 152, 159, 161, 162, 171, 172, 174, 175, 183, 189, 191, 192, 199, 200, 208, 214, 216, 217, 219, 220, 221, 223, 224, 225, 226, 228, 236, 238, 239, 241, 242, 243, 245, 246, 247, 248, 249, 251, 252, 253, 254, 256, 257, 258, 260, 261, 262, 263, 264, 265, 267, 269, 271, 272, 274, 277, 278, 279, 280, 281, 282, 283, 284, 285, 286, 287, 288, 291, 292, 293, 296, 297, 298, 300, 303], "summary": {"covered_lines": 126, "num_statements": 139, "percent_covered": 88.55721393034825, "percent_covered_display": "89", "missing_lines": 13, "excluded_lines": 0, "num_branches": 62, "num_partial_branches": 4, "covered_branches": 52, "missing_branches": 10}, "missing_lines": [305, 306, 308, 309, 310, 311, 312, 314, 316, 318, 319, 320, 322], "excluded_lines": [], "executed_branches": [[67, 68], [67, 76], [80, -65], [80, 81], [97, -89], [97, 98], [98, 99], [98, 106], [106, 107], [106, 115], [115, 116], [115, 124], [132, 133], [132, 142], [143, 144], [143, 152], [161, 162], [161, 171], [174, 175], [174, 183], [191, 192], [191, 199], [199, 200], [199, 208], [216, 217], [216, 219], [224, 225], [224, 228], [225, 224], [225, 226], [238, 239], [251, 252], [253, 254], [253, 256], [260, 261], [260, 267], [264, 260], [264, 265], [271, 272], [277, 278], [277, 291], [278, 277], [278, 279], [280, 281], [280, 283], [283, 284], [283, 286], [286, 287], [291, 292], [291, 296], [296, 297], [296, 300]], "missing_branches": [[238, 241], [251, 256], [271, 274], [286, 277], [308, 309], [308, 316], [311, 312], [311, 314], [319, 320], [319, 322]], "functions": {"ConfigDoctor.__init__": {"executed_lines": [30, 31, 32], "summary": {"covered_lines": 3, "num_statements": 3, "percent_covered": 100.0, "percent_covered_display": "100", "missing_lines": 0, "excluded_lines": 0, "num_branches": 0, "num_partial_branches": 0, "covered_branches": 0, "missing_branches": 0}, "missing_lines": [], "excluded_lines": [], "executed_branches": [], "missing_branches": []}, "ConfigDoctor.diagnose": {"executed_lines": [36, 38, 39, 40, 41, 42, 44], "summary": {"covered_lines": 7, "num_statements": 7, "percent_covered": 100.0, "percent_covered_display": "100", "missing_lines": 0, "excluded_lines": 0, "num_branches": 0, "num_partial_branches": 0, "covered_branches": 0, "missing_branches": 0}, "missing_lines": [], "excluded_lines": [], "executed_branches": [], "missing_branches": []}, "ConfigDoctor._add_diagnostic": {"executed_lines": [55], "summary": {"covered_lines": 1, "num_statements": 1, "percent_covered": 100.0, "percent_covered_display": "100", "missing_lines": 0, "excluded_lines": 0, "num_branches": 0, "num_partial_branches": 0, "covered_branches": 0, "missing_branches": 0}, "missing_lines": [], "excluded_lines": [], "executed_branches": [], "missing_branches": []}, "ConfigDoctor._check_profile_validity": {"executed_lines": [67, 68, 76, 80, 81], "summary": {"covered_lines": 5, "num_statements": 5, "percent_covered": 100.0, "percent_covered_display": "100", "missing_lines": 0, "excluded_lines": 0, "num_branches": 4, "num_partial_branches": 0, "covered_branches": 4, "missing_branches": 0}, "missing_lines": [], "excluded_lines": [], "executed_branches": [[67, 68], [67, 76], [80, -65], [80, 81]], "missing_branches": []}, "ConfigDoctor._check_validation_thresholds": {"executed_lines": [91, 97, 98, 99, 106, 107, 115, 116, 124], "summary": {"covered_lines": 9, "num_statements": 9, "percent_covered": 100.0, "percent_covered_display": "100", "missing_lines": 0, "excluded_lines": 0, "num_branches": 8, "num_partial_branches": 0, "covered_branches": 8, "missing_branches": 0}, "missing_lines": [], "excluded_lines": [], "executed_branches": [[97, -89], [97, 98], [98, 99], [98, 106], [106, 107], [106, 115], [115, 116], [115, 124]], "missing_branches": []}, "ConfigDoctor._check_source_priorities": {"executed_lines": [132, 133, 142, 143, 144, 152], "summary": {"covered_lines": 6, "num_statements": 6, "percent_covered": 100.0, "percent_covered_display": "100", "missing_lines": 0, "excluded_lines": 0, "num_branches": 4, "num_partial_branches": 0, "covered_branches": 4, "missing_branches": 0}, "missing_lines": [], "excluded_lines": [], "executed_branches": [[132, 133], [132, 142], [143, 144], [143, 152]], "missing_branches": []}, "ConfigDoctor._check_column_synonyms": {"executed_lines": [161, 162, 171, 172, 174, 175, 183], "summary": {"covered_lines": 7, "num_statements": 7, "percent_covered": 100.0, "percent_covered_display": "100", "missing_lines": 0, "excluded_lines": 0, "num_branches": 4, "num_partial_branches": 0, "covered_branches": 4, "missing_branches": 0}, "missing_lines": [], "excluded_lines": [], "executed_branches": [[161, 162], [161, 171], [174, 175], [174, 183]], "missing_branches": []}, "ConfigDoctor._check_required_fields": {"executed_lines": [191, 192, 199, 200, 208], "summary": {"covered_lines": 5, "num_statements": 5, "percent_covered": 100.0, "percent_covered_display": "100", "missing_lines": 0, "excluded_lines": 0, "num_branches": 4, "num_partial_branches": 0, "covered_branches": 4, "missing_branches": 0}, "missing_lines": [], "excluded_lines": [], "executed_branches": [[191, 192], [191, 199], [199, 200], [199, 208]], "missing_branches": []}, "ConfigDoctor.get_summary": {"executed_lines": [216, 217, 219, 220, 221, 223, 224, 225, 226, 228], "summary": {"covered_lines": 10, "num_statements": 10, "percent_covered": 100.0, "percent_covered_display": "100", "missing_lines": 0, "excluded_lines": 0, "num_branches": 6, "num_partial_branches": 0, "covered_branches": 6, "missing_branches": 0}, "missing_lines": [], "excluded_lines": [], "executed_branches": [[216, 217], [216, 219], [224, 225], [224, 228], [225, 224], [225, 226]], "missing_branches": []}, "ConfigDoctor.print_report": {"executed_lines": [238, 239, 241, 242, 243, 245, 246, 247, 248, 249, 251, 252, 253, 254, 256, 257, 258, 260, 261, 262, 263, 264, 265, 267], "summary": {"covered_lines": 24, "num_statements": 24, "percent_covered": 94.11764705882354, "percent_covered_display": "94", "missing_lines": 0, "excluded_lines": 0, "num_branches": 10, "num_partial_branches": 2, "covered_branches": 8, "missing_branches": 2}, "missing_lines": [], "excluded_lines": [], "executed_branches": [[238, 239], [251, 252], [253, 254], [253, 256], [260, 261], [260, 267], [264, 260], [264, 265]], "missing_branches": [[238, 241], [251, 256]]}, "ConfigDoctor.autofix": {"executed_lines": [271, 272, 274, 277, 278, 279, 280, 281, 282, 283, 284, 285, 286, 287, 288, 291, 292, 293, 296, 297, 298, 300], "summary": {"covered_lines": 22, "num_statements": 22, "percent_covered": 94.73684210526316, "percent_covered_display": "95", "missing_lines": 0, "excluded_lines": 0, "num_branches": 16, "num_partial_branches": 2, "covered_branches": 14, "missing_branches": 2}, "missing_lines": [], "excluded_lines": [], "executed_branches": [[271, 272], [277, 278], [277, 291], [278, 277], [278, 279], [280, 281], [280, 283], [283, 284], [283, 286], [286, 287], [291, 292], [291, 296], [296, 297], [296, 300]], "missing_branches": [[271, 274], [286, 277]]}, "doctor_command": {"executed_lines": [], "summary": {"covered_lines": 0, "num_statements": 13, "percent_covered": 0.0, "percent_covered_display": "0", "missing_lines": 13, "excluded_lines": 0, "num_branches": 6, "num_partial_branches": 0, "covered_branches": 0, "missing_branches": 6}, "missing_lines": [305, 306, 308, 309, 310, 311, 312, 314, 316, 318, 319, 320, 322], "excluded_lines": [], "executed_branches": [], "missing_branches": [[308, 309], [308, 316], [311, 312], [311, 314], [319, 320], [319, 322]]}, "": {"executed_lines": [1, 3, 5, 6, 7, 8, 10, 12, 15, 16, 17, 19, 20, 21, 22, 23, 26, 27, 29, 34, 46, 65, 89, 130, 159, 189, 214, 236, 269, 303], "summary": {"covered_lines": 27, "num_statements": 27, "percent_covered": 100.0, "percent_covered_display": "100", "missing_lines": 0, "excluded_lines": 0, "num_branches": 0, "num_partial_branches": 0, "covered_branches": 0, "missing_branches": 0}, "missing_lines": [], "excluded_lines": [], "executed_branches": [], "missing_branches": []}}, "classes": {"DiagnosticResult": {"executed_lines": [], "summary": {"covered_lines": 0, "num_statements": 0, "percent_covered": 100.0, "percent_covered_display": "100", "missing_lines": 0, "excluded_lines": 0, "num_branches": 0, "num_partial_branches": 0, "covered_branches": 0, "missing_branches": 0}, "missing_lines": [], "excluded_lines": [], "executed_branches": [], "missing_branches": []}, "ConfigDoctor": {"executed_lines": [30, 31, 32, 36, 38, 39, 40, 41, 42, 44, 55, 67, 68, 76, 80, 81, 91, 97, 98, 99, 106, 107, 115, 116, 124, 132, 133, 142, 143, 144, 152, 161, 162, 171, 172, 174, 175, 183, 191, 192, 199, 200, 208, 216, 217, 219, 220, 221, 223, 224, 225, 226, 228, 238, 239, 241, 242, 243, 245, 246, 247, 248, 249, 251, 252, 253, 254, 256, 257, 258, 260, 261, 262, 263, 264, 265, 267, 271, 272, 274, 277, 278, 279, 280, 281, 282, 283, 284, 285, 286, 287, 288, 291, 292, 293, 296, 297, 298, 300], "summary": {"covered_lines": 99, "num_statements": 99, "percent_covered": 97.41935483870968, "percent_covered_display": "97", "missing_lines": 0, "excluded_lines": 0, "num_branches": 56, "num_partial_branches": 4, "covered_branches": 52, "missing_branches": 4}, "missing_lines": [], "excluded_lines": [], "executed_branches": [[67, 68], [67, 76], [80, -65], [80, 81], [97, -89], [97, 98], [98, 99], [98, 106], [106, 107], [106, 115], [115, 116], [115, 124], [132, 133], [132, 142], [143, 144], [143, 152], [161, 162], [161, 171], [174, 175], [174, 183], [191, 192], [191, 199], [199, 200], [199, 208], [216, 217], [216, 219], [224, 225], [224, 228], [225, 224], [225, 226], [238, 239], [251, 252], [253, 254], [253, 256], [260, 261], [260, 267], [264, 260], [264, 265], [271, 272], [277, 278], [277, 291], [278, 277], [278, 279], [280, 281], [280, 283], [283, 284], [283, 286], [286, 287], [291, 292], [291, 296], [296, 297], [296, 300]], "missing_branches": [[238, 241], [251, 256], [271, 274], [286, 277]]}, "": {"executed_lines": [1, 3, 5, 6, 7, 8, 10, 12, 15, 16, 17, 19, 20, 21, 22, 23, 26, 27, 29, 34, 46, 65, 89, 130, 159, 189, 214, 236, 269, 303], "summary": {"covered_lines": 27, "num_statements": 40, "percent_covered": 58.69565217391305, "percent_covered_display": "59", "missing_lines": 13, "excluded_lines": 0, "num_branches": 6, "num_partial_branches": 0, "covered_branches": 0, "missing_branches": 6}, "missing_lines": [305, 306, 308, 309, 310, 311, 312, 314, 316, 318, 319, 320, 322], "excluded_lines": [], "executed_branches": [], "missing_branches": [[308, 309], [308, 316], [311, 312], [311, 314], [319, 320], [319, 322]]}}}, "src/hotpass/contacts.py": {"executed_lines": [1, 3, 5, 6, 8, 11, 12, 13, 15, 16, 17, 18, 19, 20, 21, 22, 23, 24, 26, 28, 41, 42, 44, 57, 59, 60, 61, 64, 65, 66, 68, 69, 71, 73, 75, 78, 79, 83, 86, 88, 90, 92, 94, 95, 97, 102, 118, 122, 134, 136, 137, 138, 139, 142, 145, 146, 147, 148, 149, 150, 151, 154, 160, 166, 168, 177, 179, 180, 181, 182, 183, 191, 192, 193, 195, 198, 214, 216, 218, 219, 220, 221, 224, 226, 228, 230, 234, 236, 237, 238, 239, 240, 243, 244, 253, 256, 258], "summary": {"covered_lines": 94, "num_statements": 107, "percent_covered": 82.01438848920863, "percent_covered_display": "82", "missing_lines": 13, "excluded_lines": 0, "num_branches": 32, "num_partial_branches": 12, "covered_branches": 20, "missing_branches": 12}, "missing_lines": [80, 84, 99, 100, 119, 185, 186, 187, 188, 225, 227, 229, 231], "excluded_lines": [], "executed_branches": [[79, 83], [83, 86], [118, 122], [134, -102], [134, 136], [137, 138], [146, 147], [148, 149], [149, 148], [149, 150], [179, 180], [216, 218], [216, 256], [224, 226], [226, 228], [228, 230], [230, 234], [236, 216], [236, 237], [243, 244]], "missing_branches": [[79, 80], [83, 84], [118, 119], [137, 142], [146, 154], [148, 154], [179, 185], [224, 225], [226, 227], [228, 229], [230, 231], [243, 236]], "functions": {"Contact.to_dict": {"executed_lines": [28], "summary": {"covered_lines": 1, "num_statements": 1, "percent_covered": 100.0, "percent_covered_display": "100", "missing_lines": 0, "excluded_lines": 0, "num_branches": 0, "num_partial_branches": 0, "covered_branches": 0, "missing_branches": 0}, "missing_lines": [], "excluded_lines": [], "executed_branches": [], "missing_branches": []}, "Contact.from_dict": {"executed_lines": [44], "summary": {"covered_lines": 1, "num_statements": 1, "percent_covered": 100.0, "percent_covered_display": "100", "missing_lines": 0, "excluded_lines": 0, "num_branches": 0, "num_partial_branches": 0, "covered_branches": 0, "missing_branches": 0}, "missing_lines": [], "excluded_lines": [], "executed_branches": [], "missing_branches": []}, "Contact.calculate_completeness": {"executed_lines": [59, 60, 61], "summary": {"covered_lines": 3, "num_statements": 3, "percent_covered": 100.0, "percent_covered_display": "100", "missing_lines": 0, "excluded_lines": 0, "num_branches": 0, "num_partial_branches": 0, "covered_branches": 0, "missing_branches": 0}, "missing_lines": [], "excluded_lines": [], "executed_branches": [], "missing_branches": []}, "OrganizationContacts.add_contact": {"executed_lines": [73], "summary": {"covered_lines": 1, "num_statements": 1, "percent_covered": 100.0, "percent_covered_display": "100", "missing_lines": 0, "excluded_lines": 0, "num_branches": 0, "num_partial_branches": 0, "covered_branches": 0, "missing_branches": 0}, "missing_lines": [], "excluded_lines": [], "executed_branches": [], "missing_branches": []}, "OrganizationContacts.get_primary_contact": {"executed_lines": [78, 79, 83, 86], "summary": {"covered_lines": 4, "num_statements": 6, "percent_covered": 60.0, "percent_covered_display": "60", "missing_lines": 2, "excluded_lines": 0, "num_branches": 4, "num_partial_branches": 2, "covered_branches": 2, "missing_branches": 2}, "missing_lines": [80, 84], "excluded_lines": [], "executed_branches": [[79, 83], [83, 86]], "missing_branches": [[79, 80], [83, 84]]}, "OrganizationContacts.get_contacts_by_role": {"executed_lines": [90], "summary": {"covered_lines": 1, "num_statements": 1, "percent_covered": 100.0, "percent_covered_display": "100", "missing_lines": 0, "excluded_lines": 0, "num_branches": 0, "num_partial_branches": 0, "covered_branches": 0, "missing_branches": 0}, "missing_lines": [], "excluded_lines": [], "executed_branches": [], "missing_branches": []}, "OrganizationContacts.get_all_emails": {"executed_lines": [94, 95], "summary": {"covered_lines": 2, "num_statements": 2, "percent_covered": 100.0, "percent_covered_display": "100", "missing_lines": 0, "excluded_lines": 0, "num_branches": 0, "num_partial_branches": 0, "covered_branches": 0, "missing_branches": 0}, "missing_lines": [], "excluded_lines": [], "executed_branches": [], "missing_branches": []}, "OrganizationContacts.get_all_phones": {"executed_lines": [], "summary": {"covered_lines": 0, "num_statements": 2, "percent_covered": 0.0, "percent_covered_display": "0", "missing_lines": 2, "excluded_lines": 0, "num_branches": 0, "num_partial_branches": 0, "covered_branches": 0, "missing_branches": 0}, "missing_lines": [99, 100], "excluded_lines": [], "executed_branches": [], "missing_branches": []}, "OrganizationContacts.calculate_preference_scores": {"executed_lines": [118, 122, 134, 136, 137, 138, 139, 142, 145, 146, 147, 148, 149, 150, 151, 154], "summary": {"covered_lines": 16, "num_statements": 17, "percent_covered": 82.75862068965517, "percent_covered_display": "83", "missing_lines": 1, "excluded_lines": 0, "num_branches": 12, "num_partial_branches": 4, "covered_branches": 8, "missing_branches": 4}, "missing_lines": [119], "excluded_lines": [], "executed_branches": [[118, 122], [134, -102], [134, 136], [137, 138], [146, 147], [148, 149], [149, 148], [149, 150]], "missing_branches": [[118, 119], [137, 142], [146, 154], [148, 154]]}, "OrganizationContacts.to_flat_dict": {"executed_lines": [166, 168, 177, 179, 180, 181, 182, 183, 191, 192, 193, 195], "summary": {"covered_lines": 12, "num_statements": 16, "percent_covered": 72.22222222222223, "percent_covered_display": "72", "missing_lines": 4, "excluded_lines": 0, "num_branches": 2, "num_partial_branches": 1, "covered_branches": 1, "missing_branches": 1}, "missing_lines": [185, 186, 187, 188], "excluded_lines": [], "executed_branches": [[179, 180]], "missing_branches": [[179, 185]]}, "consolidate_contacts_from_rows": {"executed_lines": [214, 216, 218, 219, 220, 221, 224, 226, 228, 230, 234, 236, 237, 238, 239, 240, 243, 244, 253, 256, 258], "summary": {"covered_lines": 21, "num_statements": 25, "percent_covered": 76.92307692307692, "percent_covered_display": "77", "missing_lines": 4, "excluded_lines": 0, "num_branches": 14, "num_partial_branches": 5, "covered_branches": 9, "missing_branches": 5}, "missing_lines": [225, 227, 229, 231], "excluded_lines": [], "executed_branches": [[216, 218], [216, 256], [224, 226], [226, 228], [228, 230], [230, 234], [236, 216], [236, 237], [243, 244]], "missing_branches": [[224, 225], [226, 227], [228, 229], [230, 231], [243, 236]]}, "": {"executed_lines": [1, 3, 5, 6, 8, 11, 12, 13, 15, 16, 17, 18, 19, 20, 21, 22, 23, 24, 26, 41, 42, 57, 64, 65, 66, 68, 69, 71, 75, 88, 92, 97, 102, 160, 198], "summary": {"covered_lines": 32, "num_statements": 32, "percent_covered": 100.0, "percent_covered_display": "100", "missing_lines": 0, "excluded_lines": 0, "num_branches": 0, "num_partial_branches": 0, "covered_branches": 0, "missing_branches": 0}, "missing_lines": [], "excluded_lines": [], "executed_branches": [], "missing_branches": []}}, "classes": {"Contact": {"executed_lines": [28, 44, 59, 60, 61], "summary": {"covered_lines": 5, "num_statements": 5, "percent_covered": 100.0, "percent_covered_display": "100", "missing_lines": 0, "excluded_lines": 0, "num_branches": 0, "num_partial_branches": 0, "covered_branches": 0, "missing_branches": 0}, "missing_lines": [], "excluded_lines": [], "executed_branches": [], "missing_branches": []}, "OrganizationContacts": {"executed_lines": [73, 78, 79, 83, 86, 90, 94, 95, 118, 122, 134, 136, 137, 138, 139, 142, 145, 146, 147, 148, 149, 150, 151, 154, 166, 168, 177, 179, 180, 181, 182, 183, 191, 192, 193, 195], "summary": {"covered_lines": 36, "num_statements": 45, "percent_covered": 74.60317460317461, "percent_covered_display": "75", "missing_lines": 9, "excluded_lines": 0, "num_branches": 18, "num_partial_branches": 7, "covered_branches": 11, "missing_branches": 7}, "missing_lines": [80, 84, 99, 100, 119, 185, 186, 187, 188], "excluded_lines": [], "executed_branches": [[79, 83], [83, 86], [118, 122], [134, -102], [134, 136], [137, 138], [146, 147], [148, 149], [149, 148], [149, 150], [179, 180]], "missing_branches": [[79, 80], [83, 84], [118, 119], [137, 142], [146, 154], [148, 154], [179, 185]]}, "": {"executed_lines": [1, 3, 5, 6, 8, 11, 12, 13, 15, 16, 17, 18, 19, 20, 21, 22, 23, 24, 26, 41, 42, 57, 64, 65, 66, 68, 69, 71, 75, 88, 92, 97, 102, 160, 198, 214, 216, 218, 219, 220, 221, 224, 226, 228, 230, 234, 236, 237, 238, 239, 240, 243, 244, 253, 256, 258], "summary": {"covered_lines": 53, "num_statements": 57, "percent_covered": 87.32394366197182, "percent_covered_display": "87", "missing_lines": 4, "excluded_lines": 0, "num_branches": 14, "num_partial_branches": 5, "covered_branches": 9, "missing_branches": 5}, "missing_lines": [225, 227, 229, 231], "excluded_lines": [], "executed_branches": [[216, 218], [216, 256], [224, 226], [226, 228], [228, 230], [230, 234], [236, 216], [236, 237], [243, 244]], "missing_branches": [[224, 225], [226, 227], [228, 229], [230, 231], [243, 236]]}}}, "src/hotpass/data_sources.py": {"executed_lines": [1, 3, 5, 6, 7, 8, 9, 11, 13, 23, 24, 25, 27, 28, 29, 30, 32, 33, 37, 43, 44, 46, 47, 50, 51, 52, 55, 60, 61, 62, 69, 70, 72, 74, 75, 76, 77, 78, 79, 83, 86, 93, 94, 95, 97, 98, 99, 100, 108, 109, 110, 111, 112, 113, 114, 117, 119, 122, 123, 124, 125, 126, 127, 128, 129, 130, 131, 132, 133, 134, 135, 136, 137, 138, 139, 140, 141, 142, 144, 145, 168, 169, 170, 173, 174, 175, 176, 177, 178, 181, 189, 190, 191, 192, 193, 194, 195, 197, 198, 201, 202, 203, 204, 205, 206, 207, 215, 218, 221, 222, 223, 224, 225, 226, 227, 228, 229, 230, 231, 232, 233, 234, 235, 236, 237, 238, 239, 240, 241, 242, 243, 244, 247, 250, 251, 252, 254, 255, 256, 257, 258, 259, 261, 264, 272, 273, 274, 278, 300, 301, 304, 307, 308, 309, 310, 311, 313, 314, 315, 316, 317, 318, 319, 321, 322, 323, 324, 328, 329, 331, 332, 333, 334, 336, 337, 340, 348, 349, 372, 375, 378, 379, 380, 381, 382, 383, 385, 386, 388, 389, 391, 392, 398, 399, 400, 422], "summary": {"covered_lines": 194, "num_statements": 210, "percent_covered": 87.15277777777777, "percent_covered_display": "87", "missing_lines": 16, "excluded_lines": 3, "num_branches": 78, "num_partial_branches": 19, "covered_branches": 57, "missing_branches": 21}, "missing_lines": [34, 35, 38, 39, 40, 41, 71, 115, 118, 172, 196, 200, 260, 335, 384, 387], "excluded_lines": [80, 81, 82], "executed_branches": [[33, -32], [61, 62], [61, 69], [70, 72], [74, 75], [74, 83], [108, 109], [108, 110], [110, 111], [110, 112], [114, 98], [117, 119], [169, 170], [174, 175], [174, 178], [176, 177], [190, 191], [190, 215], [195, 197], [197, 198], [202, 203], [202, 206], [204, 202], [204, 205], [225, 226], [225, 244], [227, 228], [230, 231], [230, 232], [233, 234], [233, 235], [235, 236], [236, 237], [236, 239], [237, 238], [240, 241], [241, 225], [241, 242], [242, 243], [256, 257], [256, 301], [259, 261], [315, 316], [315, 321], [318, 319], [322, 323], [322, 331], [328, 329], [332, 333], [332, 372], [334, 336], [381, 382], [381, 422], [383, 385], [386, 388], [388, 389], [388, 391]], "missing_branches": [[33, 34], [39, 40], [39, 41], [70, 71], [114, 115], [117, 118], [169, 172], [176, 174], [195, 196], [197, 200], [227, 229], [235, 239], [237, 236], [240, 225], [242, 241], [259, 260], [318, 315], [328, 322], [334, 335], [383, 384], [386, 387]], "functions": {"ExcelReadOptions.__post_init__": {"executed_lines": [33], "summary": {"covered_lines": 1, "num_statements": 3, "percent_covered": 40.0, "percent_covered_display": "40", "missing_lines": 2, "excluded_lines": 0, "num_branches": 2, "num_partial_branches": 1, "covered_branches": 1, "missing_branches": 1}, "missing_lines": [34, 35], "excluded_lines": [], "executed_branches": [[33, -32]], "missing_branches": [[33, 34]]}, "ExcelReadOptions.as_reader_kwargs": {"executed_lines": [], "summary": {"covered_lines": 0, "num_statements": 4, "percent_covered": 0.0, "percent_covered_display": "0", "missing_lines": 4, "excluded_lines": 0, "num_branches": 2, "num_partial_branches": 0, "covered_branches": 0, "missing_branches": 2}, "missing_lines": [38, 39, 40, 41], "excluded_lines": [], "executed_branches": [], "missing_branches": [[39, 40], [39, 41]]}, "ExcelReadOptions.should_stage": {"executed_lines": [44], "summary": {"covered_lines": 1, "num_statements": 1, "percent_covered": 100.0, "percent_covered_display": "100", "missing_lines": 0, "excluded_lines": 0, "num_branches": 0, "num_partial_branches": 0, "covered_branches": 0, "missing_branches": 0}, "missing_lines": [], "excluded_lines": [], "executed_branches": [], "missing_branches": []}, "ExcelReadOptions.resolve_stage_dir": {"executed_lines": [47], "summary": {"covered_lines": 1, "num_statements": 1, "percent_covered": 100.0, "percent_covered_display": "100", "missing_lines": 0, "excluded_lines": 0, "num_branches": 0, "num_partial_branches": 0, "covered_branches": 0, "missing_branches": 0}, "missing_lines": [], "excluded_lines": [], "executed_branches": [], "missing_branches": []}, "_sanitise_sheet_name": {"executed_lines": [51, 52], "summary": {"covered_lines": 2, "num_statements": 2, "percent_covered": 100.0, "percent_covered_display": "100", "missing_lines": 0, "excluded_lines": 0, "num_branches": 0, "num_partial_branches": 0, "covered_branches": 0, "missing_branches": 0}, "missing_lines": [], "excluded_lines": [], "executed_branches": [], "missing_branches": []}, "_read_excel": {"executed_lines": [60, 61, 62, 69, 70, 72, 74, 75, 76, 77, 78, 79, 83], "summary": {"covered_lines": 13, "num_statements": 14, "percent_covered": 90.0, "percent_covered_display": "90", "missing_lines": 1, "excluded_lines": 3, "num_branches": 6, "num_partial_branches": 1, "covered_branches": 5, "missing_branches": 1}, "missing_lines": [71], "excluded_lines": [80, 81, 82], "executed_branches": [[61, 62], [61, 69], [70, 72], [74, 75], [74, 83]], "missing_branches": [[70, 71]]}, "_read_excel_chunked": {"executed_lines": [93, 94, 95, 97, 98, 99, 100, 108, 109, 110, 111, 112, 113, 114, 117, 119], "summary": {"covered_lines": 16, "num_statements": 18, "percent_covered": 84.61538461538461, "percent_covered_display": "85", "missing_lines": 2, "excluded_lines": 0, "num_branches": 8, "num_partial_branches": 2, "covered_branches": 6, "missing_branches": 2}, "missing_lines": [115, 118], "excluded_lines": [], "executed_branches": [[108, 109], [108, 110], [110, 111], [110, 112], [114, 98], [117, 119]], "missing_branches": [[114, 115], [117, 118]]}, "RawRecord.as_dict": {"executed_lines": [145], "summary": {"covered_lines": 1, "num_statements": 1, "percent_covered": 100.0, "percent_covered_display": "100", "missing_lines": 0, "excluded_lines": 0, "num_branches": 0, "num_partial_branches": 0, "covered_branches": 0, "missing_branches": 0}, "missing_lines": [], "excluded_lines": [], "executed_branches": [], "missing_branches": []}, "_extract_normalized_emails": {"executed_lines": [169, 170, 173, 174, 175, 176, 177, 178], "summary": {"covered_lines": 8, "num_statements": 9, "percent_covered": 80.0, "percent_covered_display": "80", "missing_lines": 1, "excluded_lines": 0, "num_branches": 6, "num_partial_branches": 2, "covered_branches": 4, "missing_branches": 2}, "missing_lines": [172], "excluded_lines": [], "executed_branches": [[169, 170], [174, 175], [174, 178], [176, 177]], "missing_branches": [[169, 172], [176, 174]]}, "_normalise_contacts": {"executed_lines": [189, 190, 191, 192, 193, 194, 195, 197, 198, 201, 202, 203, 204, 205, 206, 207, 215], "summary": {"covered_lines": 17, "num_statements": 19, "percent_covered": 86.20689655172414, "percent_covered_display": "86", "missing_lines": 2, "excluded_lines": 0, "num_branches": 10, "num_partial_branches": 2, "covered_branches": 8, "missing_branches": 2}, "missing_lines": [196, 200], "excluded_lines": [], "executed_branches": [[190, 191], [190, 215], [195, 197], [197, 198], [202, 203], [202, 206], [204, 202], [204, 205]], "missing_branches": [[195, 196], [197, 200]]}, "_split_contact_fields": {"executed_lines": [221, 222, 223, 224, 225, 226, 227, 228, 229, 230, 231, 232, 233, 234, 235, 236, 237, 238, 239, 240, 241, 242, 243, 244], "summary": {"covered_lines": 24, "num_statements": 24, "percent_covered": 88.63636363636364, "percent_covered_display": "89", "missing_lines": 0, "excluded_lines": 0, "num_branches": 20, "num_partial_branches": 5, "covered_branches": 15, "missing_branches": 5}, "missing_lines": [], "excluded_lines": [], "executed_branches": [[225, 226], [225, 244], [227, 228], [230, 231], [230, 232], [233, 234], [233, 235], [235, 236], [236, 237], [236, 239], [237, 238], [240, 241], [241, 225], [241, 242], [242, 243]], "missing_branches": [[227, 229], [235, 239], [237, 236], [240, 225], [242, 241]]}, "load_reachout_database": {"executed_lines": [250, 251, 252, 254, 255, 256, 257, 258, 259, 261, 264, 272, 273, 274, 278, 300, 301], "summary": {"covered_lines": 17, "num_statements": 18, "percent_covered": 90.9090909090909, "percent_covered_display": "91", "missing_lines": 1, "excluded_lines": 0, "num_branches": 4, "num_partial_branches": 1, "covered_branches": 3, "missing_branches": 1}, "missing_lines": [260], "excluded_lines": [], "executed_branches": [[256, 257], [256, 301], [259, 261]], "missing_branches": [[259, 260]]}, "load_contact_database": {"executed_lines": [307, 308, 309, 310, 311, 313, 314, 315, 316, 317, 318, 319, 321, 322, 323, 324, 328, 329, 331, 332, 333, 334, 336, 337, 340, 348, 349, 372], "summary": {"covered_lines": 28, "num_statements": 29, "percent_covered": 90.2439024390244, "percent_covered_display": "90", "missing_lines": 1, "excluded_lines": 0, "num_branches": 12, "num_partial_branches": 3, "covered_branches": 9, "missing_branches": 3}, "missing_lines": [335], "excluded_lines": [], "executed_branches": [[315, 316], [315, 321], [318, 319], [322, 323], [322, 331], [328, 329], [332, 333], [332, 372], [334, 336]], "missing_branches": [[318, 315], [328, 322], [334, 335]]}, "load_sacaa_cleaned": {"executed_lines": [378, 379, 380, 381, 382, 383, 385, 386, 388, 389, 391, 392, 398, 399, 400, 422], "summary": {"covered_lines": 16, "num_statements": 18, "percent_covered": 84.61538461538461, "percent_covered_display": "85", "missing_lines": 2, "excluded_lines": 0, "num_branches": 8, "num_partial_branches": 2, "covered_branches": 6, "missing_branches": 2}, "missing_lines": [384, 387], "excluded_lines": [], "executed_branches": [[381, 382], [381, 422], [383, 385], [386, 388], [388, 389], [388, 391]], "missing_branches": [[383, 384], [386, 387]]}, "": {"executed_lines": [1, 3, 5, 6, 7, 8, 9, 11, 13, 23, 24, 25, 27, 28, 29, 30, 32, 37, 43, 46, 50, 55, 86, 122, 123, 124, 125, 126, 127, 128, 129, 130, 131, 132, 133, 134, 135, 136, 137, 138, 139, 140, 141, 142, 144, 168, 181, 218, 247, 304, 375], "summary": {"covered_lines": 49, "num_statements": 49, "percent_covered": 100.0, "percent_covered_display": "100", "missing_lines": 0, "excluded_lines": 0, "num_branches": 0, "num_partial_branches": 0, "covered_branches": 0, "missing_branches": 0}, "missing_lines": [], "excluded_lines": [], "executed_branches": [], "missing_branches": []}}, "classes": {"ExcelReadOptions": {"executed_lines": [33, 44, 47], "summary": {"covered_lines": 3, "num_statements": 9, "percent_covered": 30.76923076923077, "percent_covered_display": "31", "missing_lines": 6, "excluded_lines": 0, "num_branches": 4, "num_partial_branches": 1, "covered_branches": 1, "missing_branches": 3}, "missing_lines": [34, 35, 38, 39, 40, 41], "excluded_lines": [], "executed_branches": [[33, -32]], "missing_branches": [[33, 34], [39, 40], [39, 41]]}, "RawRecord": {"executed_lines": [145], "summary": {"covered_lines": 1, "num_statements": 1, "percent_covered": 100.0, "percent_covered_display": "100", "missing_lines": 0, "excluded_lines": 0, "num_branches": 0, "num_partial_branches": 0, "covered_branches": 0, "missing_branches": 0}, "missing_lines": [], "excluded_lines": [], "executed_branches": [], "missing_branches": []}, "": {"executed_lines": [1, 3, 5, 6, 7, 8, 9, 11, 13, 23, 24, 25, 27, 28, 29, 30, 32, 37, 43, 46, 50, 51, 52, 55, 60, 61, 62, 69, 70, 72, 74, 75, 76, 77, 78, 79, 83, 86, 93, 94, 95, 97, 98, 99, 100, 108, 109, 110, 111, 112, 113, 114, 117, 119, 122, 123, 124, 125, 126, 127, 128, 129, 130, 131, 132, 133, 134, 135, 136, 137, 138, 139, 140, 141, 142, 144, 168, 169, 170, 173, 174, 175, 176, 177, 178, 181, 189, 190, 191, 192, 193, 194, 195, 197, 198, 201, 202, 203, 204, 205, 206, 207, 215, 218, 221, 222, 223, 224, 225, 226, 227, 228, 229, 230, 231, 232, 233, 234, 235, 236, 237, 238, 239, 240, 241, 242, 243, 244, 247, 250, 251, 252, 254, 255, 256, 257, 258, 259, 261, 264, 272, 273, 274, 278, 300, 301, 304, 307, 308, 309, 310, 311, 313, 314, 315, 316, 317, 318, 319, 321, 322, 323, 324, 328, 329, 331, 332, 333, 334, 336, 337, 340, 348, 349, 372, 375, 378, 379, 380, 381, 382, 383, 385, 386, 388, 389, 391, 392, 398, 399, 400, 422], "summary": {"covered_lines": 190, "num_statements": 200, "percent_covered": 89.78102189781022, "percent_covered_display": "90", "missing_lines": 10, "excluded_lines": 3, "num_branches": 74, "num_partial_branches": 18, "covered_branches": 56, "missing_branches": 18}, "missing_lines": [71, 115, 118, 172, 196, 200, 260, 335, 384, 387], "excluded_lines": [80, 81, 82], "executed_branches": [[61, 62], [61, 69], [70, 72], [74, 75], [74, 83], [108, 109], [108, 110], [110, 111], [110, 112], [114, 98], [117, 119], [169, 170], [174, 175], [174, 178], [176, 177], [190, 191], [190, 215], [195, 197], [197, 198], [202, 203], [202, 206], [204, 202], [204, 205], [225, 226], [225, 244], [227, 228], [230, 231], [230, 232], [233, 234], [233, 235], [235, 236], [236, 237], [236, 239], [237, 238], [240, 241], [241, 225], [241, 242], [242, 243], [256, 257], [256, 301], [259, 261], [315, 316], [315, 321], [318, 319], [322, 323], [322, 331], [328, 329], [332, 333], [332, 372], [334, 336], [381, 382], [381, 422], [383, 385], [386, 388], [388, 389], [388, 391]], "missing_branches": [[70, 71], [114, 115], [117, 118], [169, 172], [176, 174], [195, 196], [197, 200], [227, 229], [235, 239], [237, 236], [240, 225], [242, 241], [259, 260], [318, 315], [328, 322], [334, 335], [383, 384], [386, 387]]}}}, "src/hotpass/error_handling.py": {"executed_lines": [1, 3, 5, 6, 7, 10, 11, 13, 14, 15, 16, 19, 20, 22, 23, 24, 25, 26, 27, 28, 29, 30, 31, 34, 35, 36, 38, 39, 40, 41, 42, 43, 44, 45, 46, 48, 50, 63, 64, 66, 67, 68, 71, 72, 74, 75, 87, 88, 90, 91, 99, 114, 117, 118, 120, 121, 150, 151, 152, 154, 155, 157, 159, 160, 162, 164, 166, 168, 170, 172, 174, 182, 184, 185, 186, 187, 188, 190, 192, 194, 195, 207, 208, 209, 210, 218, 220, 222, 224, 225, 226, 228, 236, 239, 240, 242, 243, 244, 246, 248, 250, 254, 256, 257, 259, 261], "summary": {"covered_lines": 96, "num_statements": 111, "percent_covered": 81.75182481751825, "percent_covered_display": "82", "missing_lines": 15, "excluded_lines": 0, "num_branches": 26, "num_partial_branches": 6, "covered_branches": 16, "missing_branches": 10}, "missing_lines": [76, 84, 127, 128, 130, 147, 219, 221, 223, 229, 230, 231, 232, 233, 234], "excluded_lines": [], "executed_branches": [[159, 160], [159, 162], [185, 186], [185, 188], [207, 208], [209, 210], [209, 228], [218, 220], [220, 222], [222, 224], [224, 225], [228, 236], [250, 254], [250, 256], [256, -246], [256, 257]], "missing_branches": [[207, 228], [218, 219], [220, 221], [222, 223], [224, 226], [228, 229], [230, 231], [230, 236], [232, 233], [232, 234]], "functions": {"ErrorContext.to_dict": {"executed_lines": [50], "summary": {"covered_lines": 1, "num_statements": 1, "percent_covered": 100.0, "percent_covered_display": "100", "missing_lines": 0, "excluded_lines": 0, "num_branches": 0, "num_partial_branches": 0, "covered_branches": 0, "missing_branches": 0}, "missing_lines": [], "excluded_lines": [], "executed_branches": [], "missing_branches": []}, "HotpassError.__init__": {"executed_lines": [67, 68], "summary": {"covered_lines": 2, "num_statements": 2, "percent_covered": 100.0, "percent_covered_display": "100", "missing_lines": 0, "excluded_lines": 0, "num_branches": 0, "num_partial_branches": 0, "covered_branches": 0, "missing_branches": 0}, "missing_lines": [], "excluded_lines": [], "executed_branches": [], "missing_branches": []}, "FileNotFoundError.create": {"executed_lines": [], "summary": {"covered_lines": 0, "num_statements": 2, "percent_covered": 0.0, "percent_covered_display": "0", "missing_lines": 2, "excluded_lines": 0, "num_branches": 0, "num_partial_branches": 0, "covered_branches": 0, "missing_branches": 0}, "missing_lines": [76, 84], "excluded_lines": [], "executed_branches": [], "missing_branches": []}, "ValidationError.create": {"executed_lines": [99, 114], "summary": {"covered_lines": 2, "num_statements": 2, "percent_covered": 100.0, "percent_covered_display": "100", "missing_lines": 0, "excluded_lines": 0, "num_branches": 0, "num_partial_branches": 0, "covered_branches": 0, "missing_branches": 0}, "missing_lines": [], "excluded_lines": [], "executed_branches": [], "missing_branches": []}, "SchemaMismatchError.create": {"executed_lines": [], "summary": {"covered_lines": 0, "num_statements": 4, "percent_covered": 0.0, "percent_covered_display": "0", "missing_lines": 4, "excluded_lines": 0, "num_branches": 0, "num_partial_branches": 0, "covered_branches": 0, "missing_branches": 0}, "missing_lines": [127, 128, 130, 147], "excluded_lines": [], "executed_branches": [], "missing_branches": []}, "ErrorReport.add_error": {"executed_lines": [159, 160, 162], "summary": {"covered_lines": 3, "num_statements": 3, "percent_covered": 100.0, "percent_covered_display": "100", "missing_lines": 0, "excluded_lines": 0, "num_branches": 2, "num_partial_branches": 0, "covered_branches": 2, "missing_branches": 0}, "missing_lines": [], "excluded_lines": [], "executed_branches": [[159, 160], [159, 162]], "missing_branches": []}, "ErrorReport.has_critical_errors": {"executed_lines": [166], "summary": {"covered_lines": 1, "num_statements": 1, "percent_covered": 100.0, "percent_covered_display": "100", "missing_lines": 0, "excluded_lines": 0, "num_branches": 0, "num_partial_branches": 0, "covered_branches": 0, "missing_branches": 0}, "missing_lines": [], "excluded_lines": [], "executed_branches": [], "missing_branches": []}, "ErrorReport.has_errors": {"executed_lines": [170], "summary": {"covered_lines": 1, "num_statements": 1, "percent_covered": 100.0, "percent_covered_display": "100", "missing_lines": 0, "excluded_lines": 0, "num_branches": 0, "num_partial_branches": 0, "covered_branches": 0, "missing_branches": 0}, "missing_lines": [], "excluded_lines": [], "executed_branches": [], "missing_branches": []}, "ErrorReport.get_summary": {"executed_lines": [174], "summary": {"covered_lines": 1, "num_statements": 1, "percent_covered": 100.0, "percent_covered_display": "100", "missing_lines": 0, "excluded_lines": 0, "num_branches": 0, "num_partial_branches": 0, "covered_branches": 0, "missing_branches": 0}, "missing_lines": [], "excluded_lines": [], "executed_branches": [], "missing_branches": []}, "ErrorReport._count_by_category": {"executed_lines": [184, 185, 186, 187, 188], "summary": {"covered_lines": 5, "num_statements": 5, "percent_covered": 100.0, "percent_covered_display": "100", "missing_lines": 0, "excluded_lines": 0, "num_branches": 2, "num_partial_branches": 0, "covered_branches": 2, "missing_branches": 0}, "missing_lines": [], "excluded_lines": [], "executed_branches": [[185, 186], [185, 188]], "missing_branches": []}, "ErrorReport.to_markdown": {"executed_lines": [192, 194, 195, 207, 208, 209, 210, 218, 220, 222, 224, 225, 226, 228, 236], "summary": {"covered_lines": 15, "num_statements": 24, "percent_covered": 54.76190476190476, "percent_covered_display": "55", "missing_lines": 9, "excluded_lines": 0, "num_branches": 18, "num_partial_branches": 6, "covered_branches": 8, "missing_branches": 10}, "missing_lines": [219, 221, 223, 229, 230, 231, 232, 233, 234], "excluded_lines": [], "executed_branches": [[207, 208], [209, 210], [209, 228], [218, 220], [220, 222], [222, 224], [224, 225], [228, 236]], "missing_branches": [[207, 228], [218, 219], [220, 221], [222, 223], [224, 226], [228, 229], [230, 231], [230, 236], [232, 233], [232, 234]]}, "ErrorHandler.__init__": {"executed_lines": [243, 244], "summary": {"covered_lines": 2, "num_statements": 2, "percent_covered": 100.0, "percent_covered_display": "100", "missing_lines": 0, "excluded_lines": 0, "num_branches": 0, "num_partial_branches": 0, "covered_branches": 0, "missing_branches": 0}, "missing_lines": [], "excluded_lines": [], "executed_branches": [], "missing_branches": []}, "ErrorHandler.handle_error": {"executed_lines": [248, 250, 254, 256, 257], "summary": {"covered_lines": 5, "num_statements": 5, "percent_covered": 100.0, "percent_covered_display": "100", "missing_lines": 0, "excluded_lines": 0, "num_branches": 4, "num_partial_branches": 0, "covered_branches": 4, "missing_branches": 0}, "missing_lines": [], "excluded_lines": [], "executed_branches": [[250, 254], [250, 256], [256, -246], [256, 257]], "missing_branches": []}, "ErrorHandler.get_report": {"executed_lines": [261], "summary": {"covered_lines": 1, "num_statements": 1, "percent_covered": 100.0, "percent_covered_display": "100", "missing_lines": 0, "excluded_lines": 0, "num_branches": 0, "num_partial_branches": 0, "covered_branches": 0, "missing_branches": 0}, "missing_lines": [], "excluded_lines": [], "executed_branches": [], "missing_branches": []}, "": {"executed_lines": [1, 3, 5, 6, 7, 10, 11, 13, 14, 15, 16, 19, 20, 22, 23, 24, 25, 26, 27, 28, 29, 30, 31, 34, 35, 36, 38, 39, 40, 41, 42, 43, 44, 45, 46, 48, 63, 64, 66, 71, 72, 74, 75, 87, 88, 90, 91, 117, 118, 120, 121, 150, 151, 152, 154, 155, 157, 164, 168, 172, 182, 190, 239, 240, 242, 246, 259], "summary": {"covered_lines": 57, "num_statements": 57, "percent_covered": 100.0, "percent_covered_display": "100", "missing_lines": 0, "excluded_lines": 0, "num_branches": 0, "num_partial_branches": 0, "covered_branches": 0, "missing_branches": 0}, "missing_lines": [], "excluded_lines": [], "executed_branches": [], "missing_branches": []}}, "classes": {"ErrorSeverity": {"executed_lines": [], "summary": {"covered_lines": 0, "num_statements": 0, "percent_covered": 100.0, "percent_covered_display": "100", "missing_lines": 0, "excluded_lines": 0, "num_branches": 0, "num_partial_branches": 0, "covered_branches": 0, "missing_branches": 0}, "missing_lines": [], "excluded_lines": [], "executed_branches": [], "missing_branches": []}, "ErrorCategory": {"executed_lines": [], "summary": {"covered_lines": 0, "num_statements": 0, "percent_covered": 100.0, "percent_covered_display": "100", "missing_lines": 0, "excluded_lines": 0, "num_branches": 0, "num_partial_branches": 0, "covered_branches": 0, "missing_branches": 0}, "missing_lines": [], "excluded_lines": [], "executed_branches": [], "missing_branches": []}, "ErrorContext": {"executed_lines": [50], "summary": {"covered_lines": 1, "num_statements": 1, "percent_covered": 100.0, "percent_covered_display": "100", "missing_lines": 0, "excluded_lines": 0, "num_branches": 0, "num_partial_branches": 0, "covered_branches": 0, "missing_branches": 0}, "missing_lines": [], "excluded_lines": [], "executed_branches": [], "missing_branches": []}, "HotpassError": {"executed_lines": [67, 68], "summary": {"covered_lines": 2, "num_statements": 2, "percent_covered": 100.0, "percent_covered_display": "100", "missing_lines": 0, "excluded_lines": 0, "num_branches": 0, "num_partial_branches": 0, "covered_branches": 0, "missing_branches": 0}, "missing_lines": [], "excluded_lines": [], "executed_branches": [], "missing_branches": []}, "FileNotFoundError": {"executed_lines": [], "summary": {"covered_lines": 0, "num_statements": 2, "percent_covered": 0.0, "percent_covered_display": "0", "missing_lines": 2, "excluded_lines": 0, "num_branches": 0, "num_partial_branches": 0, "covered_branches": 0, "missing_branches": 0}, "missing_lines": [76, 84], "excluded_lines": [], "executed_branches": [], "missing_branches": []}, "ValidationError": {"executed_lines": [99, 114], "summary": {"covered_lines": 2, "num_statements": 2, "percent_covered": 100.0, "percent_covered_display": "100", "missing_lines": 0, "excluded_lines": 0, "num_branches": 0, "num_partial_branches": 0, "covered_branches": 0, "missing_branches": 0}, "missing_lines": [], "excluded_lines": [], "executed_branches": [], "missing_branches": []}, "SchemaMismatchError": {"executed_lines": [], "summary": {"covered_lines": 0, "num_statements": 4, "percent_covered": 0.0, "percent_covered_display": "0", "missing_lines": 4, "excluded_lines": 0, "num_branches": 0, "num_partial_branches": 0, "covered_branches": 0, "missing_branches": 0}, "missing_lines": [127, 128, 130, 147], "excluded_lines": [], "executed_branches": [], "missing_branches": []}, "ErrorReport": {"executed_lines": [159, 160, 162, 166, 170, 174, 184, 185, 186, 187, 188, 192, 194, 195, 207, 208, 209, 210, 218, 220, 222, 224, 225, 226, 228, 236], "summary": {"covered_lines": 26, "num_statements": 35, "percent_covered": 66.66666666666667, "percent_covered_display": "67", "missing_lines": 9, "excluded_lines": 0, "num_branches": 22, "num_partial_branches": 6, "covered_branches": 12, "missing_branches": 10}, "missing_lines": [219, 221, 223, 229, 230, 231, 232, 233, 234], "excluded_lines": [], "executed_branches": [[159, 160], [159, 162], [185, 186], [185, 188], [207, 208], [209, 210], [209, 228], [218, 220], [220, 222], [222, 224], [224, 225], [228, 236]], "missing_branches": [[207, 228], [218, 219], [220, 221], [222, 223], [224, 226], [228, 229], [230, 231], [230, 236], [232, 233], [232, 234]]}, "ErrorHandler": {"executed_lines": [243, 244, 248, 250, 254, 256, 257, 261], "summary": {"covered_lines": 8, "num_statements": 8, "percent_covered": 100.0, "percent_covered_display": "100", "missing_lines": 0, "excluded_lines": 0, "num_branches": 4, "num_partial_branches": 0, "covered_branches": 4, "missing_branches": 0}, "missing_lines": [], "excluded_lines": [], "executed_branches": [[250, 254], [250, 256], [256, -246], [256, 257]], "missing_branches": []}, "": {"executed_lines": [1, 3, 5, 6, 7, 10, 11, 13, 14, 15, 16, 19, 20, 22, 23, 24, 25, 26, 27, 28, 29, 30, 31, 34, 35, 36, 38, 39, 40, 41, 42, 43, 44, 45, 46, 48, 63, 64, 66, 71, 72, 74, 75, 87, 88, 90, 91, 117, 118, 120, 121, 150, 151, 152, 154, 155, 157, 164, 168, 172, 182, 190, 239, 240, 242, 246, 259], "summary": {"covered_lines": 57, "num_statements": 57, "percent_covered": 100.0, "percent_covered_display": "100", "missing_lines": 0, "excluded_lines": 0, "num_branches": 0, "num_partial_branches": 0, "covered_branches": 0, "missing_branches": 0}, "missing_lines": [], "excluded_lines": [], "executed_branches": [], "missing_branches": []}}}, "src/hotpass/formatting.py": {"executed_lines": [1, 3, 5, 6, 7, 9, 12, 13, 14, 17, 18, 19, 20, 21, 22, 23, 24, 27, 28, 29, 30, 33, 34, 35, 38, 39, 40, 43, 58, 59, 61, 62, 63, 68, 71, 76, 83, 84, 85, 86, 89, 91, 92, 93, 94, 97, 98, 105, 106, 107, 109, 110, 111, 112, 113, 114, 115, 117, 118, 120, 122, 123, 124, 127, 128, 129, 130, 132, 133, 134, 135, 139, 140, 145, 146, 14
[...]
rise_quality": {"executed_lines": [570, 577, 578, 579], "summary": {"covered_lines": 4, "num_statements": 4, "percent_covered": 100.0, "percent_covered_display": "100", "missing_lines": 0, "excluded_lines": 0, "num_branches": 0, "num_partial_branches": 0, "covered_branches": 0, "missing_branches": 0}, "missing_lines": [], "excluded_lines": [], "executed_branches": [], "missing_branches": []}, "_aggregate_group": {"executed_lines": [586, 587, 589, 590, 591, 592, 593, 595, 596, 597, 598, 599, 610, 624, 630, 631, 633, 640, 661, 679, 714, 715, 716, 717, 718, 719, 720, 721, 722, 723, 724, 726, 727, 728, 729, 731, 732, 734, 735, 737, 738, 740, 741, 743, 744, 746, 747, 749, 750, 752, 753, 755, 756, 757, 759, 762, 763, 765, 766, 767, 769, 770, 772, 777, 778, 779, 780, 781, 783, 788, 789, 790, 791, 792, 794, 807, 808, 809, 810, 816, 817, 818, 820, 821, 822, 824, 826, 836, 838, 868], "summary": {"covered_lines": 90, "num_statements": 94, "percent_covered": 92.24137931034483, "percent_covered_display": "92", "missing_lines": 4, "excluded_lines": 0, "num_branches": 22, "num_partial_branches": 3, "covered_branches": 17, "missing_branches": 5}, "missing_lines": [594, 812, 813, 814], "excluded_lines": [], "executed_branches": [[590, 591], [590, 610], [593, 595], [756, 757], [756, 759], [762, 763], [762, 765], [766, 767], [766, 769], [780, 781], [780, 783], [791, 792], [791, 794], [809, 810], [817, 818], [817, 820], [821, 822]], "missing_branches": [[593, 594], [809, 812], [813, 814], [813, 816], [821, 824]]}, "_aggregate_group._sort_key": {"executed_lines": [611, 616], "summary": {"covered_lines": 2, "num_statements": 2, "percent_covered": 100.0, "percent_covered_display": "100", "missing_lines": 0, "excluded_lines": 0, "num_branches": 0, "num_partial_branches": 0, "covered_branches": 0, "missing_branches": 0}, "missing_lines": [], "excluded_lines": [], "executed_branches": [], "missing_branches": []}, "_aggregate_group._normalise_scalar": {"executed_lines": [634, 635, 636, 637], "summary": {"covered_lines": 4, "num_statements": 5, "percent_covered": 77.77777777777777, "percent_covered_display": "78", "missing_lines": 1, "excluded_lines": 0, "num_branches": 4, "num_partial_branches": 1, "covered_branches": 3, "missing_branches": 1}, "missing_lines": [638], "excluded_lines": [], "executed_branches": [[634, 635], [634, 636], [636, 637]], "missing_branches": [[636, 638]]}, "_aggregate_group._iter_values": {"executed_lines": [641, 642, 643, 644, 645, 647, 648, 650, 651, 652, 653, 654, 655, 656, 657, 658, 659], "summary": {"covered_lines": 17, "num_statements": 17, "percent_covered": 100.0, "percent_covered_display": "100", "missing_lines": 0, "excluded_lines": 0, "num_branches": 10, "num_partial_branches": 0, "covered_branches": 10, "missing_branches": 0}, "missing_lines": [], "excluded_lines": [], "executed_branches": [[643, 644], [643, 659], [647, 648], [647, 650], [651, 643], [651, 652], [653, 654], [653, 655], [655, 656], [655, 657]], "missing_branches": []}, "_aggregate_group._build_provenance": {"executed_lines": [664, 665], "summary": {"covered_lines": 2, "num_statements": 2, "percent_covered": 100.0, "percent_covered_display": "100", "missing_lines": 0, "excluded_lines": 0, "num_branches": 0, "num_partial_branches": 0, "covered_branches": 0, "missing_branches": 0}, "missing_lines": [], "excluded_lines": [], "executed_branches": [], "missing_branches": []}, "_aggregate_group._record_provenance": {"executed_lines": [682, 683, 684, 685, 686, 687, 688, 697, 711, 712], "summary": {"covered_lines": 10, "num_statements": 10, "percent_covered": 100.0, "percent_covered_display": "100", "missing_lines": 0, "excluded_lines": 0, "num_branches": 4, "num_partial_branches": 0, "covered_branches": 4, "missing_branches": 0}, "missing_lines": [], "excluded_lines": [], "executed_branches": [[682, 683], [682, 684], [687, 688], [687, 711]], "missing_branches": []}, "_aggregate_group._first_value_from_row": {"executed_lines": [795, 797, 798, 799, 800, 801, 802, 803, 804], "summary": {"covered_lines": 9, "num_statements": 11, "percent_covered": 73.6842105263158, "percent_covered_display": "74", "missing_lines": 2, "excluded_lines": 0, "num_branches": 8, "num_partial_branches": 3, "covered_branches": 5, "missing_branches": 3}, "missing_lines": [796, 805], "excluded_lines": [], "executed_branches": [[795, 797], [799, 800], [800, 801], [800, 804], [802, 803]], "missing_branches": [[795, 796], [799, 805], [802, 800]]}, "_load_sources": {"executed_lines": [872, 873, 874, 875, 876, 877, 878, 879, 880, 881, 887, 888, 889, 890, 891, 916, 917, 918, 919], "summary": {"covered_lines": 19, "num_statements": 21, "percent_covered": 85.18518518518519, "percent_covered_display": "85", "missing_lines": 2, "excluded_lines": 2, "num_branches": 6, "num_partial_branches": 2, "covered_branches": 4, "missing_branches": 2}, "missing_lines": [892, 915], "excluded_lines": [882, 886], "executed_branches": [[875, 876], [875, 891], [889, 890], [891, 916]], "missing_branches": [[889, 875], [891, 892]]}, "run_pipeline": {"executed_lines": [924, 925, 928, 929, 931, 932, 935, 936, 950, 958, 959, 960, 962, 963, 975, 979, 989, 990, 992, 1025, 1026, 1027, 1029, 1030, 1032, 1033, 1034, 1035, 1037, 1038, 1039, 1041, 1042, 1054, 1058, 1059, 1060, 1061, 1062, 1063, 1064, 1065, 1068, 1069, 1072, 1073, 1078, 1079, 1093, 1094, 1108, 1121, 1123, 1124, 1125, 1126, 1128, 1134, 1136, 1138, 1141, 1142, 1155, 1156, 1157, 1160, 1162, 1163, 1166, 1170, 1171, 1172, 1173, 1176, 1181, 1182, 1186, 1187, 1188, 1189, 1191, 1192, 1203, 1205, 1206, 1220], "summary": {"covered_lines": 86, "num_statements": 103, "percent_covered": 76.2589928057554, "percent_covered_display": "76", "missing_lines": 17, "excluded_lines": 0, "num_branches": 36, "num_partial_branches": 14, "covered_branches": 20, "missing_branches": 16}, "missing_lines": [993, 994, 995, 996, 997, 998, 1005, 1006, 1019, 1084, 1085, 1109, 1113, 1114, 1115, 1148, 1184], "excluded_lines": [], "executed_branches": [[924, 925], [924, 928], [928, 929], [928, 931], [935, 936], [962, 963], [989, 990], [992, 1025], [1029, 1030], [1029, 1037], [1033, 1034], [1041, 1042], [1072, 1073], [1093, 1094], [1108, 1121], [1141, 1142], [1156, 1157], [1166, 1170], [1188, 1189], [1191, 1192]], "missing_branches": [[935, 950], [962, 975], [989, 992], [992, 993], [1033, 1035], [1041, 1054], [1072, 1084], [1093, 1108], [1108, 1109], [1114, 1115], [1114, 1121], [1141, 1148], [1156, 1162], [1166, 1184], [1188, 1191], [1191, 1203]]}, "": {"executed_lines": [1, 3, 5, 6, 7, 8, 9, 10, 11, 12, 13, 15, 16, 18, 19, 25, 26, 27, 30, 32, 63, 70, 71, 72, 73, 74, 75, 76, 77, 80, 81, 82, 83, 86, 114, 120, 131, 132, 133, 134, 135, 136, 137, 138, 139, 140, 141, 142, 145, 146, 147, 148, 149, 150, 151, 152, 153, 154, 155, 156, 157, 159, 174, 288, 370, 396, 418, 419, 420, 421, 422, 425, 428, 437, 506, 521, 569, 585, 871, 922], "summary": {"covered_lines": 79, "num_statements": 79, "percent_covered": 100.0, "percent_covered_display": "100", "missing_lines": 0, "excluded_lines": 0, "num_branches": 0, "num_partial_branches": 0, "covered_branches": 0, "missing_branches": 0}, "missing_lines": [], "excluded_lines": [], "executed_branches": [], "missing_branches": []}}, "classes": {"RowMetadata": {"executed_lines": [], "summary": {"covered_lines": 0, "num_statements": 0, "percent_covered": 100.0, "percent_covered_display": "100", "missing_lines": 0, "excluded_lines": 0, "num_branches": 0, "num_partial_branches": 0, "covered_branches": 0, "missing_branches": 0}, "missing_lines": [], "excluded_lines": [], "executed_branches": [], "missing_branches": []}, "ValueSelection": {"executed_lines": [], "summary": {"covered_lines": 0, "num_statements": 0, "percent_covered": 100.0, "percent_covered_display": "100", "missing_lines": 0, "excluded_lines": 0, "num_branches": 0, "num_partial_branches": 0, "covered_branches": 0, "missing_branches": 0}, "missing_lines": [], "excluded_lines": [], "executed_branches": [], "missing_branches": []}, "PipelineConfig": {"executed_lines": [], "summary": {"covered_lines": 0, "num_statements": 0, "percent_covered": 100.0, "percent_covered_display": "100", "missing_lines": 0, "excluded_lines": 0, "num_branches": 0, "num_partial_branches": 0, "covered_branches": 0, "missing_branches": 0}, "missing_lines": [], "excluded_lines": [], "executed_branches": [], "missing_branches": []}, "QualityReport": {"executed_lines": [160, 175, 176, 192, 193, 194, 195, 196, 197, 200, 202, 203, 204, 205, 207, 208, 210, 211, 212, 213, 215, 216, 219, 220, 221, 222, 223, 226, 227, 228, 229, 230, 231, 232, 233, 234, 235, 236, 237, 238, 239, 240, 242, 243, 244, 245, 246, 264, 265, 266, 267, 268, 271, 272, 274, 275, 276, 277, 278, 279, 280, 281, 283, 284, 286, 289, 290, 294, 312, 316, 319, 323, 328], "summary": {"covered_lines": 73, "num_statements": 76, "percent_covered": 94.33962264150944, "percent_covered_display": "94", "missing_lines": 3, "excluded_lines": 0, "num_branches": 30, "num_partial_branches": 3, "covered_branches": 27, "missing_branches": 3}, "missing_lines": [199, 270, 317], "excluded_lines": [], "executed_branches": [[194, 195], [196, 197], [196, 200], [204, 205], [204, 207], [212, 213], [212, 215], [219, 220], [219, 226], [226, 227], [226, 242], [231, 232], [231, 237], [237, 238], [237, 240], [244, 245], [244, 283], [264, 265], [264, 272], [265, 266], [265, 267], [267, 268], [275, 276], [275, 286], [279, 280], [279, 281], [316, 319]], "missing_branches": [[194, 199], [267, 270], [316, 317]]}, "PipelineResult": {"executed_lines": [], "summary": {"covered_lines": 0, "num_statements": 0, "percent_covered": 100.0, "percent_covered_display": "100", "missing_lines": 0, "excluded_lines": 0, "num_branches": 0, "num_partial_branches": 0, "covered_branches": 0, "missing_branches": 0}, "missing_lines": [], "excluded_lines": [], "executed_branches": [], "missing_branches": []}, "": {"executed_lines": [1, 3, 5, 6, 7, 8, 9, 10, 11, 12, 13, 15, 16, 18, 19, 25, 26, 27, 30, 32, 63, 70, 71, 72, 73, 74, 75, 76, 77, 80, 81, 82, 83, 86, 87, 88, 89, 92, 93, 95, 96, 102, 109, 111, 114, 115, 116, 117, 120, 121, 128, 131, 132, 133, 134, 135, 136, 137, 138, 139, 140, 141, 142, 145, 146, 147, 148, 149, 150, 151, 152, 153, 154, 155, 156, 157, 159, 174, 288, 370, 371, 373, 374, 383, 384, 385, 386, 387, 390, 391, 393, 396, 397, 399, 400, 401, 402, 409, 418, 419, 420, 421, 422, 425, 428, 429, 430, 431, 432, 433, 434, 437, 443, 446, 447, 448, 452, 459, 460, 461, 462, 467, 468, 469, 470, 476, 477, 482, 483, 484, 485, 486, 487, 493, 494, 495, 500, 501, 503, 506, 521, 522, 523, 524, 525, 526, 527, 528, 530, 534, 537, 538, 539, 542, 543, 544, 550, 557, 558, 560, 563, 564, 566, 569, 570, 577, 578, 579, 585, 586, 587, 589, 590, 591, 592, 593, 595, 596, 597, 598, 599, 610, 611, 616, 624, 630, 631, 633, 634, 635, 636, 637, 640, 641, 642, 643, 644, 645, 647, 648, 650, 651, 652, 653, 654, 655, 656, 657, 658, 659, 661, 664, 665, 679, 682, 683, 684, 685, 686, 687, 688, 697, 711, 712, 714, 715, 716, 717, 718, 719, 720, 721, 722, 723, 724, 726, 727, 728, 729, 731, 732, 734, 735, 737, 738, 740, 741, 743, 744, 746, 747, 749, 750, 752, 753, 755, 756, 757, 759, 762, 763, 765, 766, 767, 769, 770, 772, 777, 778, 779, 780, 781, 783, 788, 789, 790, 791, 792, 794, 795, 797, 798, 799, 800, 801, 802, 803, 804, 807, 808, 809, 810, 816, 817, 818, 820, 821, 822, 824, 826, 836, 838, 868, 871, 872, 873, 874, 875, 876, 877, 878, 879, 880, 881, 887, 888, 889, 890, 891, 916, 917, 918, 919, 922, 924, 925, 928, 929, 931, 932, 935, 936, 950, 958, 959, 960, 962, 963, 975, 979, 989, 990, 992, 1025, 1026, 1027, 1029, 1030, 1032, 1033, 1034, 1035, 1037, 1038, 1039, 1041, 1042, 1054, 1058, 1059, 1060, 1061, 1062, 1063, 1064, 1065, 1068, 1069, 1072, 1073, 1078, 1079, 1093, 1094, 1108, 1121, 1123, 1124, 1125, 1126, 1128, 1134, 1136, 1138, 1141, 1142, 1155, 1156, 1157, 1160, 1162, 1163, 1166, 1170, 1171, 1172, 1173, 1176, 1181, 1182, 1186, 1187, 1188, 1189, 1191, 1192, 1203, 1205, 1206, 1220], "summary": {"covered_lines": 409, "num_statements": 463, "percent_covered": 82.47261345852895, "percent_covered_display": "82", "missing_lines": 54, "excluded_lines": 2, "num_branches": 176, "num_partial_branches": 44, "covered_branches": 118, "missing_branches": 58}, "missing_lines": [90, 91, 94, 103, 110, 372, 389, 392, 398, 453, 507, 508, 509, 510, 511, 512, 513, 515, 516, 517, 518, 529, 532, 535, 540, 551, 561, 565, 594, 638, 796, 805, 812, 813, 814, 892, 915, 993, 994, 995, 996, 997, 998, 1005, 1006, 1019, 1084, 1085, 1109, 1113, 1114, 1115, 1148, 1184], "excluded_lines": [882, 886], "executed_branches": [[87, 88], [87, 89], [89, 92], [93, 95], [102, 109], [109, 111], [115, 116], [115, 117], [371, 373], [383, 384], [383, 391], [384, 385], [384, 386], [386, 387], [391, 393], [397, 399], [400, 401], [400, 402], [430, 431], [430, 434], [432, 430], [432, 433], [447, 448], [447, 452], [452, 459], [459, 460], [461, 462], [461, 467], [467, 468], [469, 470], [469, 476], [476, 477], [476, 482], [482, 483], [484, 485], [484, 493], [486, 487], [494, 495], [494, 500], [500, 501], [500, 503], [523, 524], [523, 534], [524, 525], [524, 526], [526, 527], [528, 530], [534, 537], [538, 539], [538, 560], [539, 542], [550, 557], [557, 558], [560, 563], [564, 566], [590, 591], [590, 610], [593, 595], [634, 635], [634, 636], [636, 637], [643, 644], [643, 659], [647, 648], [647, 650], [651, 643], [651, 652], [653, 654], [653, 655], [655, 656], [655, 657], [682, 683], [682, 684], [687, 688], [687, 711], [756, 757], [756, 759], [762, 763], [762, 765], [766, 767], [766, 769], [780, 781], [780, 783], [791, 792], [791, 794], [795, 797], [799, 800], [800, 801], [800, 804], [802, 803], [809, 810], [817, 818], [817, 820], [821, 822], [875, 876], [875, 891], [889, 890], [891, 916], [924, 925], [924, 928], [928, 929], [928, 931], [935, 936], [962, 963], [989, 990], [992, 1025], [1029, 1030], [1029, 1037], [1033, 1034], [1041, 1042], [1072, 1073], [1093, 1094], [1108, 1121], [1141, 1142], [1156, 1157], [1166, 1170], [1188, 1189], [1191, 1192]], "missing_branches": [[89, 90], [93, 94], [102, 103], [109, 110], [371, 372], [386, 389], [391, 392], [397, 398], [452, 453], [459, 467], [467, 476], [482, 493], [486, 493], [508, 509], [508, 518], [509, 510], [509, 515], [510, 508], [510, 511], [512, 510], [512, 513], [516, 508], [516, 517], [526, 532], [528, 529], [534, 535], [539, 540], [550, 551], [557, 538], [560, 561], [564, 565], [593, 594], [636, 638], [795, 796], [799, 805], [802, 800], [809, 812], [813, 814], [813, 816], [821, 824], [889, 875], [891, 892], [935, 950], [962, 975], [989, 992], [992, 993], [1033, 1035], [1041, 1054], [1072, 1084], [1093, 1108], [1108, 1109], [1114, 1115], [1114, 1121], [1141, 1148], [1156, 1162], [1166, 1184], [1188, 1191], [1191, 1203]]}}}, "src/hotpass/quality.py": {"executed_lines": [1, 3, 5, 7, 8, 9, 11, 12, 13, 14, 17, 18, 19, 20, 23, 24, 25, 27, 62, 69, 70, 75, 76, 83, 84, 119, 121, 123, 124, 125, 127, 128, 129, 134, 135, 136, 137, 138, 139, 140, 141, 142, 147, 153, 159, 161, 163], "summary": {"covered_lines": 44, "num_statements": 63, "percent_covered": 67.0886075949367, "percent_covered_display": "67", "missing_lines": 19, "excluded_lines": 2, "num_branches": 16, "num_partial_branches": 1, "covered_branches": 9, "missing_branches": 7}, "missing_lines": [85, 86, 88, 89, 90, 93, 98, 103, 104, 106, 107, 108, 109, 110, 111, 112, 113, 115, 116], "excluded_lines": [13, 14], "executed_branches": [[75, 76], [75, 83], [84, 119], [123, -121], [123, 124], [136, 137], [136, 138], [140, 141], [140, 142]], "missing_branches": [[84, 85], [107, 108], [107, 116], [108, 107], [108, 109], [111, 112], [111, 115]], "functions": {"build_ssot_schema": {"executed_lines": [24, 27], "summary": {"covered_lines": 2, "num_statements": 2, "percent_covered": 100.0, "percent_covered_display": "100", "missing_lines": 0, "excluded_lines": 0, "num_branches": 0, "num_partial_branches": 0, "covered_branches": 0, "missing_branches": 0}, "missing_lines": [], "excluded_lines": [], "executed_branches": [], "missing_branches": []}, "build_ssot_schema.string_col": {"executed_lines": [25], "summary": {"covered_lines": 1, "num_statements": 1, "percent_covered": 100.0, "percent_covered_display": "100", "missing_lines": 0, "excluded_lines": 0, "num_branches": 0, "num_partial_branches": 0, "covered_branches": 0, "missing_branches": 0}, "missing_lines": [], "excluded_lines": [], "executed_branches": [], "missing_branches": []}, "run_expectations": {"executed_lines": [69, 70, 75, 76, 83, 84, 119, 121, 127, 128, 129, 134, 147, 153, 159, 161, 163], "summary": {"covered_lines": 17, "num_statements": 36, "percent_covered": 43.47826086956522, "percent_covered_display": "43", "missing_lines": 19, "excluded_lines": 0, "num_branches": 10, "num_partial_branches": 1, "covered_branches": 3, "missing_branches": 7}, "missing_lines": [85, 86, 88, 89, 90, 93, 98, 103, 104, 106, 107, 108, 109, 110, 111, 112, 113, 115, 116], "excluded_lines": [], "executed_branches": [[75, 76], [75, 83], [84, 119]], "missing_branches": [[84, 85], [107, 108], [107, 116], [108, 107], [108, 109], [111, 112], [111, 115]]}, "run_expectations._record_failure": {"executed_lines": [123, 124, 125], "summary": {"covered_lines": 3, "num_statements": 3, "percent_covered": 100.0, "percent_covered_display": "100", "missing_lines": 0, "excluded_lines": 0, "num_branches": 2, "num_partial_branches": 0, "covered_branches": 2, "missing_branches": 0}, "missing_lines": [], "excluded_lines": [], "executed_branches": [[123, -121], [123, 124]], "missing_branches": []}, "run_expectations._record_mostly": {"executed_lines": [135, 136, 137, 138, 139, 140, 141, 142], "summary": {"covered_lines": 8, "num_statements": 8, "percent_covered": 100.0, "percent_covered_display": "100", "missing_lines": 0, "excluded_lines": 0, "num_branches": 4, "num_partial_branches": 0, "covered_branches": 4, "missing_branches": 0}, "missing_lines": [], "excluded_lines": [], "executed_branches": [[136, 137], [136, 138], [140, 141], [140, 142]], "missing_branches": []}, "": {"executed_lines": [1, 3, 5, 7, 8, 9, 11, 12, 13, 14, 17, 18, 19, 20, 23, 62], "summary": {"covered_lines": 13, "num_statements": 13, "percent_covered": 100.0, "percent_covered_display": "100", "missing_lines": 0, "excluded_lines": 2, "num_branches": 0, "num_partial_branches": 0, "covered_branches": 0, "missing_branches": 0}, "missing_lines": [], "excluded_lines": [13, 14], "executed_branches": [], "missing_branches": []}}, "classes": {"ExpectationSummary": {"executed_lines": [], "summary": {"covered_lines": 0, "num_statements": 0, "percent_covered": 100.0, "percent_covered_display": "100", "missing_lines": 0, "excluded_lines": 0, "num_branches": 0, "num_partial_branches": 0, "covered_branches": 0, "missing_branches": 0}, "missing_lines": [], "excluded_lines": [], "executed_branches": [], "missing_branches": []}, "": {"executed_lines": [1, 3, 5, 7, 8, 9, 11, 12, 13, 14, 17, 18, 19, 20, 23, 24, 25, 27, 62, 69, 70, 75, 76, 83, 84, 119, 121, 123, 124, 125, 127, 128, 129, 134, 135, 136, 137, 138, 139, 140, 141, 142, 147, 153, 159, 161, 163], "summary": {"covered_lines": 44, "num_statements": 63, "percent_covered": 67.0886075949367, "percent_covered_display": "67", "missing_lines": 19, "excluded_lines": 2, "num_branches": 16, "num_partial_branches": 1, "covered_branches": 9, "missing_branches": 7}, "missing_lines": [85, 86, 88, 89, 90, 93, 98, 103, 104, 106, 107, 108, 109, 110, 111, 112, 113, 115, 116], "excluded_lines": [13, 14], "executed_branches": [[75, 76], [75, 83], [84, 119], [123, -121], [123, 124], [136, 137], [136, 138], [140, 141], [140, 142]], "missing_branches": [[84, 85], [107, 108], [107, 116], [108, 107], [108, 109], [111, 112], [111, 115]]}}}}, "totals": {"covered_lines": 1648, "num_statements": 1992, "percent_covered": 79.21597633136095, "percent_covered_display": "79", "missing_lines": 344, "excluded_lines": 24, "num_branches": 712, "num_partial_branches": 128, "covered_branches": 494, "missing_branches": 218}}